ru-143
AFP	AFP	ORG	ORG-AFP-Agence-France-Press
The Dawn	The Dawn	ORG	ORG-Dawn-News
Ulrich Delius	Ulrich Delius	PER	PER-Ulrich-Delius
Асии Биби	Асия Биби	PER	PER-Asia-Bibi
Асию Биби	Асия Биби	PER	PER-Asia-Bibi
Асия Биби	Асия Биби	PER	PER-Asia-Bibi
Биби	Биби	PER	PER-Asia-Bibi
Верховного суда	Верховный суд	ORG	ORG-Supreme-Court-of-Pakistan
Верховным судом Пакистана	Верховный суд Пакистана	ORG	ORG-Supreme-Court-of-Pakistan
Европу	Европа	LOC	LOC-Europe
Имран Хан	Имран Хан	PER	PER-Imran-Khan
Корана	Коран	PRO	PRO-The-Quran
Мухаммеда	Мухаммед	PER	PER-Prophet-Muhammad
Нур-уль-Хак Кадри	Нур-уль-Хак Кадри	PER	PER-Noor-ul-Haq-Qadri
Общества защиты притесняемых народов (GfbV)	Общество защиты притесняемых народов (GfbV)	ORG	ORG-GfbV-Society-for-Threatened-Peoples
Пакистана	Пакистан	LOC	GPE-Pakistan
Пакистане	Пакистан	LOC	GPE-Pakistan
ТЛП	ТЛП	ORG	ORG-Tehreek-e-Labbaik-Pakistan
Техрик-э-Лабаик Пакистан	Техрик-э-Лабаик Пакистан	ORG	ORG-Tehreek-e-Labbaik-Pakistan
Ульрих Делиус	Ульрих Делиус	PER	PER-Ulrich-Delius
Хадим Ризви	Хадим Ризви	PER	PER-Khadim-Hussain-Rizvi
Хан	Хан	PER	PER-Imran-Khan
