ru-113
AFP	AFP	ORG	ORG-AFP-Agence-France-Press
Facebook	Facebook	PRO	PRO-Facebook
Асию Биби	Асия Биби	PER	PER-Asia-Bibi
Асия Биби	Асия Биби	PER	PER-Asia-Bibi
Биби	Биби	PER	PER-Asia-Bibi
Верховного суда	Верховный суд	ORG	ORG-Supreme-Court-of-Pakistan
Верховный суд Пакистана	Верховный суд Пакистана	ORG	ORG-Supreme-Court-of-Pakistan
Верховный суд	Верховный суд	ORG	ORG-Supreme-Court-of-Pakistan
Исламабаде	Исламабад	LOC	GPE-Islamabad
Карачи	Карачи	LOC	GPE-Karachi
Кирилл	Кирилл	PER	PER-Kirill-The-Patriarch-of-Moscow-and-all-Ru
Коран	Коран	PRO	PRO-The-Quran
Корана	Коран	PRO	PRO-The-Quran
Лахоре	Лахор	LOC	GPE-Lahore
Мумтаз Кадри	Мумтаз Кадри	PER	PER-Mumtaz-Qadri
Мухаммада	Мухаммад	PER	PER-Prophet-Muhammad
Пакистана	Пакистан	LOC	GPE-Pakistan
Пакистане	Пакистан	LOC	GPE-Pakistan
Пенджаба	Пенджаб	LOC	GPE-Punjab
Пешаваре	Пешавар	LOC	GPE-Peshawar
Римши Масих	Римша Масих	PER	PER-Rimsha-Masih
Салман Тасир	Салман Тасир	PER	PER-Salmaan-Taseer
Таймура Разу	Таймур Раза	PER	PER-Taimoor-Raza
