ru-134
Amnesty International	Amnesty International	ORG	ORG-Amnesty-International
Facebook	Facebook	PRO	PRO-Facebook
Human Rights Watch	Human Rights Watch	ORG	ORG-Human-Rights-Watch
Асии Биби	Асия Биби	PER	PER-Asia-Bibi
Асия Биби	Асия Биби	PER	PER-Asia-Bibi
Бенедикт XVI	Бенедикт XVI	PER	PER-Benedict-XVI
Биби	Биби	PER	PER-Asia-Bibi
Верховный суд	Верховный суд	ORG	ORG-Supreme-Court-of-Pakistan
Верховным судом	Верховный суд	ORG	ORG-Supreme-Court-of-Pakistan
Евгений Хвостик 	Евгений Хвостик	PER	PER-Evgeny-Khvostik
Иисуса Христа	Иисус Христос	PER	PER-Jesus-Christ
Имран Хан	Имран Хан	PER	PER-Imran-Khan
Исламабада	Исламабад	LOC	GPE-Islamabad
Испании	Испания	LOC	GPE-Spain
Кирилл	Кирилл	PER	PER-Kirill-The-Patriarch-of-Moscow-and-all-Ru
Мухаммед	Мухаммед	PER	PER-Prophet-Muhammad
Пакистана	Пакистан	LOC	GPE-Pakistan
Пакистане	Пакистан	LOC	GPE-Pakistan
Русской православной церкви	Русская православная церковь	ORG	ORG-Russian-Orthodox-Church
Франции	Франция	LOC	GPE-France
пакистанец	пакистанец	PER	GPE-Pakistan
