ru-1090
Deutsche Welle	Deutsche Welle	PRO	PRO-Deutsche-Welle
PanARMENIAN.Net	PanARMENIAN.Net	ORG	ORG-PanARMENIAN-Net
The Times	The Times	PRO	PRO-The-Times
Борис Джонсон	Борис Джонсон	PER	PER-Boris-Johnson
Бориса Джонсона	Борис Джонсон	PER	PER-Boris-Johnson
Брекзита	Брекзит	EVT	EVT-Brexit
Брекзиту	Брекзит	EVT	EVT-Brexit
Великобритании	Великобритания	LOC	GPE-Great-Britain
Великобритания	Великобритания	LOC	GPE-Great-Britain
Джонсон	Джонсон	PER	PER-Boris-Johnson
Джонсона	Джонсон	PER	PER-Boris-Johnson
Дэвид Дэвис	Дэвид Дэвис	PER	PER-David-Davis
ЕС	ЕС	ORG	ORG-European-Union
Евросоюза	Евросоюз	ORG	ORG-European-Union
Евросоюзом	Евросоюз	ORG	ORG-European-Union
Евросоюзу	Евросоюз	ORG	ORG-European-Union
МИД Британии	МИД Британии	ORG	ORG-Foreign-Office
МИД	МИД	ORG	ORG-Foreign-Office
Мэй	Мэй	PER	PER-Theresa-May
Тереза Мэй	Тереза Мэй	PER	PER-Theresa-May
Терезы Мэй	Тереза Мэй	PER	PER-Theresa-May
кабинет министров	кабинет министров	ORG	ORG-Cabinet-of-the-United-Kingdom
министерства иностранных дел	министерство иностранных дел	ORG	ORG-Foreign-Office
