ru-1112
BBC	BBC	ORG	ORG-BBC-Ltd
Brexit	Brexit	EVT	EVT-Brexit
Facebook	Facebook	PRO	PRO-Facebook
Бориса Джонсона	Борис Джонсон	PER	PER-Boris-Johnson
Британии	Британия	LOC	GPE-Great-Britain
Брюсселем	Брюссель	LOC	GPE-Brussles
Великобритании	Великобритания	LOC	GPE-Great-Britain
Великобритания	Великобритания	LOC	GPE-Great-Britain
Джонсона	Джонсон	PER	PER-Boris-Johnson
Доминик Рааб	Доминик Рааб	PER	PER-Dominic-Raab
Дэвид Дэвис	Дэвид Дэвис	PER	PER-David-Davis
Дэвиса	Дэвис	PER	PER-David-Davis
ЕС	ЕС	ORG	ORG-European-Union
Евросоюза	Евросоюз	ORG	ORG-European-Union
Евросоюзом	Евросоюз	ORG	ORG-European-Union
МИД РФ	МИД РФ	ORG	ORG-Ministry-of-Foreign-Affairs-Russia
МИД России	МИД России	ORG	ORG-Ministry-of-Foreign-Affairs-Russia
МИД	МИД	ORG	ORG-Foreign-Office
Мария Захарова	Мария Захарова	PER	PER-Maria-Zaharova
Правительство Великобритании	Правительство Великобритании	ORG	ORG-the-UK-Government
Тереза Мэй	Тереза Мэй	PER	PER-Theresa-May
Терезы Мэй	Тереза Мэй	PER	PER-Theresa-May
британский кабинет министров	британский кабинет министров	ORG	ORG-Cabinet-of-the-United-Kingdom
правительства Мэй	правительство Мэй	ORG	ORG-the-UK-Government
