ru-1066
AP	AP	ORG	ORG-AP-The-Associated-Press
Bloomberg	Bloomberg	ORG	ORG-Bloomberg-LP
Brexit	Brexit	EVT	EVT-Brexit
Борис Джонсон	Борис Джонсон	PER	PER-Boris-Johnson
Бориса Джонсона	Борис Джонсон	PER	PER-Boris-Johnson
Бориса	Борис	PER	PER-Boris-Johnson
Брюсселем	Брюссель	LOC	GPE-Brussles
Великобритании	Великобритания	LOC	GPE-Great-Britain
Даунинг-стрит	Даунинг-стрит	LOC	LOC-Downing-Street
Джонсон	Джонсон	PER	PER-Boris-Johnson
Джонсона	Джонсон	PER	PER-Boris-Johnson
Дэвид Дэвис	Дэвид Дэвис	PER	PER-David-Davis
ЕС	ЕС	ORG	ORG-European-Union
Евросоюза	Евросоюз	ORG	ORG-European-Union
Ирландской Республикой	Ирландская Республика	LOC	GPE-Ireland
Лондона	Лондон	LOC	GPE-London
МИД Британии	МИД Британии	ORG	ORG-Foreign-Office
МИД Великобритании	МИД Великобритании	ORG	ORG-Foreign-Office
Мэй	Мэй	PER	PER-Theresa-May
Северной Ирландии	Северная Ирландия	LOC	GPE-Northern-Ireland
Тереза Мэй	Тереза Мэй	PER	PER-Theresa-May
Терезы Мэй	Тереза Мэй	PER	PER-Theresa-May
британское правительство	британское правительство	ORG	ORG-the-UK-Government
кабинете министров	кабинет министров	ORG	ORG-Cabinet-of-the-United-Kingdom
