ru-1162
AO Телекомпания НТВ	AO Телекомпания НТВ	ORG	ORG-NTV-TV-Company
Brexit	Brexit	EVT	EVT-Brexit
Cергей Скрипаль	Cергей Скрипаль	PER	PER-Siergiej-Skripal
Sky News	Sky News	PRO	PRO-Sky-News-TV
«NTV.RU»	«NTV.RU»	PRO	PRO-NTV
Акционерное общество «Телекомпания НТВ»	Акционерное общество «Телекомпания НТВ»	ORG	ORG-NTV-TV-Company
Борис Джонсон	Борис Джонсон	PER	PER-Boris-Johnson
Бориса Джонсона	Борис Джонсон	PER	PER-Boris-Johnson
Великобритании	Великобритания	LOC	GPE-Great-Britain
ГРУ	ГРУ	ORG	ORG-GRU-(Russian-GU)
Демков К. С.	Демков К. С.	PER	PER-Demkov-K-S-NTV
Джереми Хант	Джереми Хант	PER	PER-Jeremy-Hunt
Джонсон	Джонсон	PER	PER-Boris-Johnson
Джонсона	Джонсон	PER	PER-Boris-Johnson
ЕС	ЕС	ORG	ORG-European-Union
МИД Великобритании	МИД Великобритании	ORG	ORG-Foreign-Office
Москве	Москва	LOC	LOC-Moscow
НТВ	НТВ	PRO	PRO-NTV
Новичок (А-234)	Новичок (А-234)	PRO	PRO-Novichok
Организации по запрещению химоружия	Организация по запрещению химоружия	ORG	ORG-Organisation for the Prohibition of Chemical Weapons
РФ	РФ	LOC	GPE-Russia
Роскомнадзор	Роскомнадзор	ORG	ORG-Federal Service for Supervision of Communications, Information Technology and Mass Media
России	Россия	LOC	GPE-Russia
Сергея Скрипаля	Сергей Скрипаль	PER	PER-Siergiej-Skripal
Солсбери	Солсбери	LOC	GPE-Salisbury
Тереза Мэй	Тереза Мэй	PER	PER-Theresa-May
Терезой Мэй	Тереза Мэй	PER	PER-Theresa-May
Терезы Мэй	Тереза Мэй	PER	PER-Theresa-May
Федеральной службе по надзору в сфере связи, информационных технологий и массовых коммуникаций	Федеральная служба по надзору в сфере связи, информационных технологий и массовых коммуникаций	ORG	ORG-Federal Service for Supervision of Communications, Information Technology and Mass Media
Хант	Хант	PER	PER-Jeremy-Hunt
Юлии	Юлия	PER	PER-Yulia-Skripal
Юлия	Юлия	PER	PER-Yulia-Skripal
британского	британский	LOC	GPE-Great-Britain
британской	британский	LOC	GPE-Great-Britain
дело Скрипалей	дело Скрипалей	EVT	EVT-Scripals'-poisoning
