ru-1139
 Министерство иностранных дел Великобритании	Министерство иностранных дел Великобритании	ORG	ORG-Foreign-Office
 Бориса Джонсона	Борис Джонсон	PER	PER-Boris-Johnson
 МИД 	МИД	ORG	ORG-Foreign-Office
Бориса Джонсона	Борис Джонсон	PER	PER-Boris-Johnson
Британии	Британия	LOC	GPE-Great-Britain
Великобританию 	Великобритания	LOC	GPE-Great-Britain
Великобританию	Великобритания	LOC	GPE-Great-Britain
Джереми Хант	Джереми Хант	PER	PER-Jeremy-Hunt
Дэвида Дэвиса	Дэвид Дэвис	PER	PER-David-Davis
ЕС	EC	ORG	ORG-European-Union
Европейского союза	Европейский союз	ORG	ORG-European-Union
Евросоюзом 	Евросоюз	ORG	ORG-European-Union
МИД 	МИД	ORG	ORG-Foreign-Office
МИД Великобритании	МИД Великобритании	ORG	ORG-Foreign-Office
Минздравом	Минздрав	ORG	ORG-Department-of-Health
Министерство иностранных дел Великобритании	Министерство иностранных дел Великобритании	ORG	ORG-Foreign-Office
Тереза Мэй 	Тереза Мэй 	PER	PER-Theresa-May
Терезу Мэй	Тереза Мэй	PER	PER-Theresa-May
Хант	Хант	PER	PER-Jeremy-Hunt
Ханта	Хант	PER	PER-Jeremy-Hunt
брекзита	брекзит	EVT	EVT-Brexit
