ru-1010
AFP	AFP	ORG	ORG-AFP-Agence-France-Press
Brexit	Brexit	EVT	EVT-Brexit
The Guardian	The Guardian	PRO	PRO-The-Guardian
Борис Джонсон	Борис Джонсон	PER	PER-Boris-Johnson
Бориса Джонсона	Борис Джонсон	PER	PER-Boris-Johnson
Борису	Борис	PER	PER-Boris-Johnson
Брюсселю	Брюссель	LOC	GPE-Brussles
Великобритании	Великобритания	LOC	GPE-Great-Britain
Даунинг-стрит	Даунинг-стрит	LOC	LOC-Downing-Street
Джонсон	Джонсон	PER	PER-Boris-Johnson
Доминик Рааб	Доминик Рааб	PER	PER-Dominic-Raab
Дэвиса	Дэвис	PER	PER-David-Davis
ЕС	ЕС	ORG	ORG-European-Union
Кабинетом министров	Кабинет министров	ORG	ORG-Cabinet-of-the-United-Kingdom
МИД Великобритании	МИД Великобритании	ORG	ORG-Foreign-Office
Мэй	Мэй	PER	PER-Theresa-May
Тереза Мэй	Тереза Мэй	PER	PER-Theresa-May
британского правительства	британское правительство	ORG	ORG-the-UK-Government
переговоров в резиденции Чекерс	переговоры в резиденции Чекерс	EVT	EVT-Chequers-Cabinet-Meeting
