ru-1025
Charlemagne Capital	Charlemagne Capital	ORG	ORG-Charlemagne-Capital-Ltd
Leave.EU	Leave.EU	ORG	ORG-Leave-EU
Manx Financial Group	Manx Financial Group	ORG	ORG-Manx-Financial-Group-PLC
The Guardian	The Guardian	PRO	PRO-The-Guardian
The New York Times	The New York Times	PRO	PRO-The-New-York-Times
The Observer	The Observer	PRO	PRO-The-Observer
Алросе	Алроса	ORG	ORG-Alrosa
Алросой	Алроса	ORG	ORG-Alrosa
Алросу	Алроса	ORG	ORG-Alrosa
Алросы	Алроса	ORG	ORG-Alrosa
Аррон Бэнкс	Аррон Бэнкс	PER	PER-Arron-Banks
Брекзита	Брекзит	EVT	EVT-Brexit
Британии	Британия	LOC	GPE-Great-Britain
Бэнкс	Бэнкс	PER	PER-Arron-Banks
Джим	Джим	PER	PER-Jim-Mellon
Джима	Джим	PER	PER-Jim-Mellon
Джимом Меллоном	Джим Меллон	PER	PER-Jim-Mellon
Дональда Трампа	Дональд Трамп	PER	PER-Donald-Trump
ЕС	ЕС	ORG	ORG-European-Union
Кэрол Кадуолладр	Кэрол Кадуолладр	PER	PER-Carole-Cadwalladr
Меллон	Меллон	PER	PER-Jim-Mellon
Меллона	Меллон	PER	PER-Jim-Mellon
Меллоном	Меллон	PER	PER-Jim-Mellon
Меллону	Меллон	PER	PER-Jim-Mellon
Питер Джукс	Питер Джукс	PER	PER-Peter-Jukes
Поваренкиным	Поваренкин	PER	PER-Siman-Povarenkin
Путина	Путин	PER	PER-Vladimir-Putin
Роснефть	Роснефть	ORG	ORG-Rosneft-Oil-Company
России	Россия	LOC	GPE-Russia
США	США	LOC	GPE-USA
Сергея Иванова	Сергей Иванов	PER	PER-Sergei-Ivanov
Симаном Поваренкиным	Симан Поваренкин	PER	PER-Siman-Povarenkin
Энди Вигмор	Энди Вигмор	PER	PER-Andy-Wigmore
правительством России	правительство России	ORG	ORG-The-Government-of-Russia
референдума	референдум	EVT	EVT-Brexit-Referendum
