ru-2019-4
Асии Биби	Асия Биби	PER	PER-Asia-Bibi
Асии	Асия	PER	PER-Asia-Bibi
Асию Биби	Асия Биби	PER	PER-Asia-Bibi
Асию	Асия	PER	PER-Asia-Bibi
Асия Биби	Асия Биби	PER	PER-Asia-Bibi
Биби	Биби	PER	PER-Asia-Bibi
Великобританию	Великобритания	LOC	GPE-Great-Britain
Верховного суда	Верховный суд	ORG	ORG-Supreme-Court-of-Pakistan
Канаду	Канада	LOC	GPE-Canada
Кирилл	Кирилл	PER	PER-Kirill-The-Patriarch-of-Moscow-and-all-Ru
МИД Пакистана	МИД Пакистана	ORG	ORG-Ministry-of-Foreign-Affairs-Pakistan
Мамнуну Хусейну	Мамнун Хусейн	PER	PER-Mamnoon-Hussain
Министерстве иностранных дел Пакистана	Министерство иностранных дел Пакистана	ORG	ORG-Ministry-of-Foreign-Affairs-Pakistan
Мухаммад Файсал	Мухаммад Файсал	PER	PER-Muhammad-Faisal
Нидерландах	Нидерланды	LOC	GPE-Holland
Пакистана	Пакистан	LOC	GPE-Pakistan
Пенджаб	Пенджаб	LOC	GPE-Punjab
Соединенные Штаты	Соединенные Штаты	LOC	GPE-USA
ТАСС	ТАСС	ORG	ORG-TASS
