ru-111
Reuters	Reuters	ORG	ORG-Reuters
АиФ-Москва	АиФ-Москва	ORG	ORG-Aif-Moskva-News-Agency
Анн Идальго	Анн Идальго	PER	PER-Ann-Hidalgo
Асии Биби	Асия Биби	PER	PER-Asia-Bibi
Асию Биби	Асия Биби	PER	PER-Asia-Bibi
Асия Биби	Асия Биби	PER	PER-Asia-Bibi
Биби	Биби	PER	PER-Asia-Bibi
Верховный суд Пакистана	Верховный суд Пакистана	ORG	ORG-Supreme-Court-of-Pakistan
Имрана Хана	Имран Хан	PER	PER-Imran-Khan
Моcква	Москва	LOC	LOC-Moscow
Николя Саркози	Николя Саркози	PER	PER-Nicolas-Sarkozy
Пакистана	Пакистан	LOC	GPE-Pakistan
Пакистане	Пакистан	LOC	GPE-Pakistan
ТЛП	ТЛП	ORG	ORG-Tehreek-e-Labbaik-Pakistan
Техрик-э-Лабаик Пакистан	Техрик-э-Лабаик Пакистан	ORG	ORG-Tehreek-e-Labbaik-Pakistan
Франции	Франции	LOC	GPE-France
Франции	Франция	LOC	GPE-France
патриарх Московский и всея Руси Кирилл	патриарх Московский и всея Руси Кирилл	PER	PER-Kirill-The-Patriarch-of-Moscow-and-all-Ru
пророка Мухаммеда	пророк Мухаммед	PER	PER-Prophet-Muhammad
