ru-89
TLP	TLP	ORG	ORG-Tehreek-e-Labbaik-Pakistan
Асии Биби	Асия Биби	PER	PER-Asia-Bibi
Асию Биби	Асия Биби	PER	PER-Asia-Bibi
Асию	Асия	PER	PER-Asia-Bibi
Асия Биби	Асия Биби	PER	PER-Asia-Bibi
Асия	Асия	PER	PER-Asia-Bibi
Афганистане	Афганистан	LOC	GPE-Afghanistan
Ахмади	Ахмади	ORG	ORG-Ahmadiyya-Muslim-Community
Би-би-си	Би-би-си	ORG	ORG-BBC-Ltd
Биби	Биби	PER	PER-Asia-Bibi
Верховного суда	Верховный суд	ORG	ORG-Supreme-Court-of-Pakistan
Верховном суде	Верховный суд	ORG	ORG-Supreme-Court-of-Pakistan
Верховный суд	Верховный суд	ORG	ORG-Supreme-Court-of-Pakistan
Имран Хан	Имран Хан	PER	PER-Imran-Khan
Исламабада	Исламабад	LOC	GPE-Islamabad
Исламабаде	Исламабад	LOC	GPE-Islamabad
Карачи	Карачи	LOC	GPE-Karachi
Корану	Коран	PRO	PRO-The-Quran
Лахоре	Лахор	LOC	GPE-Lahore
Мултане	Мултан	LOC	GPE-Multan
Мумтаз Кадри	Мумтаз Кадри	PER	PER-Mumtaz-Qadri
Мухаммед Афзал Кадри	Мухаммед Афзал Кадри	PER	PER-Muhammad-Afzal-Qadri
Мухаммеда	Мухаммед	PER	PER-Prophet-Muhammad
Мухаммеде	Мухаммед	PER	PER-Prophet-Muhammad
Пакистана	Пакистан	LOC	GPE-Pakistan
Пакистане	Пакистан	LOC	GPE-Pakistan
Пакистанский суд	Пакистанский суд	ORG	ORG-Supreme-Court-of-Pakistan
Пенджаба	Пенджаб	LOC	GPE-Punjab
Пешаваре	Пешавар	LOC	GPE-Peshawar
США	США	LOC	GPE-USA
Салман Тасир	Салман Тасир	PER	PER-Salmaan-Taseer
Сахиб Нисар	Сахиб Нисар	PER	PER-Mian-Saqib-Nisar
Секундер Кермани	Секундер Кермани	PER	PER-Secunder-Kermani
Франс пресс	Франс пресс	ORG	ORG-AFP-Agence-France-Press
Хадиса	Хадис	PRO	PRO-Hadith
Шекхупуре	Шекхупура	LOC	GPE-Shekhupura
