ru-132
Ashiq Masih	Ashiq Masih	PER	PER-Ashiq-Masih
Deutsche Welle Asia	Deutsche Welle Asia	ORG	ORG-Deutsche-Welle-Asia
Facebook	Facebook	PRO	PRO-Facebook
Saif Mulook	Saif Mulook	PER	PER-Saif-Ul-Malook
Tehreek-i-Labaik, TLP	Tehreek-i-Labaik, TLP	ORG	ORG-Tehreek-e-Labbaik-Pakistan
Асии Биби	Асия Биби	PER	PER-Asia-Bibi
Асии Норин	Асия Норин	PER	PER-Asia-Bibi
Асию Биби	Асия Биби	PER	PER-Asia-Bibi
Асия Биби	Асия Биби	PER	PER-Asia-Bibi
Ашик Масих	Ашик Масих	PER	PER-Ashiq-Masih
Биби	Биби	PER	PER-Asia-Bibi
Великобритании	Великобритания	LOC	GPE-Great-Britain
Верховный суд	Верховный суд	ORG	ORG-Supreme-Court-of-Pakistan
Исламабадом	Исламабад	LOC	GPE-Islamabad
Канаде	Канада	LOC	GPE-Canada
Корану	Коран	PRO	PRO-The-Quran
Масих	Масих	PER	PER-Ashiq-Masih
Мумтаз Кадри	Мумтаз Кадри	PER	PER-Mumtaz-Qadri
Мухаммада	Мухаммад	PER	PER-Prophet-Muhammad
Пакистан	Пакистан	LOC	GPE-Pakistan
Пакистана	Пакистан	LOC	GPE-Pakistan
Пакистане	Пакистан	LOC	GPE-Pakistan
Пенджаб	Пенджаб	LOC	GPE-Punjab
Пенджаба	Пенджаб	LOC	GPE-Punjab
Равалпинди	Равалпинди	LOC	GPE-Rawalpindi
Раза	Раза	PER	PER-Taimoor-Raza
США	США	LOC	GPE-USA
Саиф Мулук	Саиф Мулук	PER	PER-Saif-Ul-Malook
Салман Тасир	Салман Тасир	PER	PER-Salmaan-Taseer
Таймура Разу	Таймур Раза	PER	PER-Taimoor-Raza
Техрик-э-Лабаик	Техрик-э-Лабаик	ORG	ORG-Tehreek-e-Labbaik-Pakistan
Фавад Чаудри	Фавад Чаудри	PER	PER-Fawad-Chaudhry
