ru-1142
 Евросоюзом	Евросоюз	ORG	ORG-European-Union
Бориса Джонсона	Борис Джонсон	PER	PER-Boris-Johnson
Брекзит	Брекзит	EVT	EVT-Brexit
Брекзита	Брекзит	EVT	EVT-Brexit
Великобритании 	Великобритания	LOC	GPE-Great-Britain
Великобритании	Великобритания	LOC	GPE-Great-Britain
Великобритания 	Великобритания	LOC	GPE-Great-Britain
Джереми Хант 	Джереми Хант	PER	PER-Jeremy-Hunt
Джереми Хант	Джереми Хант	PER	PER-Jeremy-Hunt
Джереми Ханта	Джереми Хант	PER	PER-Jeremy-Hunt
Джонсон 	Джонсон	PER	PER-Boris-Johnson
Джонсон	Джонсон	PER	PER-Boris-Johnson
Джонсона	Джонсон	PER	PER-Boris-Johnson
Дэвида Кэмерона	Дэвид Кэмерон	PER	PER-David-Cameron
ЕС	ЕС	ORG	ORG-European-Union
Евросоюза	Евросоюз	ORG	ORG-European-Union
Евросоюзом	Евросоюз	ORG	ORG-European-Union
МИД 	МИД	ORG	ORG-Foreign-Office
МИД Великобритании	МИД Великобритании	ORG	ORG-Foreign-Office
Мэй 	Мэй	PER	PER-Theresa-May
Мэй	Мэй	PER	PER-Theresa-May
Олимпиаду	Олимпиада	EVT	EVT-2012-Summer_Olympics
Тереза Мэй 	Тереза Мэй	PER	PER-Theresa-May
Терезе Мэй	Тереза Мэй	PER	PER-Theresa-May
Терезы Мэй	Тереза Мэй	PER	PER-Theresa-May
Хант	Хант	PER	PER-Jeremy-Hunt
Ханта	 Хант	PER	PER-Jeremy-Hunt
Ханта	Хант	PER	PER-Jeremy-Hunt
