ru-1159
DW	DW	PRO	PRO-Deutsche-Welle
Deutsche Welle	Deutsche Welle	PRO	PRO-Deutsche-Welle
Австрии	Австрия	LOC	GPE-Austria
Барбара Везель	Барбара Везель	PER	PER-Barbara-Vezel
Брекзит	Брекзит	EVT	EVT-Brexit
Брекзита	Брекзит	EVT	EVT-Brexit
Брекзиту	Брекзит	EVT	EVT-Brexit
Брюсселе	Брюссель	LOC	GPE-Brussles
Брюсселем	Брюссель	LOC	GPE-Brussles
Брюссель	Брюссель	LOC	GPE-Brussles
Великобритании	Великобритания	LOC	GPE-Great-Britain
Великобританию	Великобритания	LOC	GPE-Great-Britain
Дональда Трампа	Дональд Трамп	PER	PER-Donald-Trump
ЕС	ЕС	ORG	ORG-European-Union
Европе	Европа	LOC	LOC-Europe
Европу	Европа	LOC	LOC-Europe
Европы	Европа	LOC	LOC-Europe
Евросоюз	Евросоюз	ORG	ORG-European-Union
Евросоюза	Евросоюз	ORG	ORG-European-Union
Евросоюзе	Евросоюз	ORG	ORG-European-Union
Италии	Италия	LOC	GPE-Italy
Консервативную партию	Консервативная партия	ORG	ORG-Conservative-and-Unionist-Party-UK
Лондоне	Лондон	LOC	GPE-London
Мэй	Мэй	PER	PER-Theresa-May
Польше	Польша	LOC	GPE-Poland
Путиным	Путин	PER	PER-Vladimir-Putin
США	США	LOC	GPE-USA
Таможенного союза	Таможенный союз	ORG	ORG-European-Union-Customs-Union
Тереза Мэй	Тереза Мэй	PER	PER-Theresa-May
британским	британский	LOC	GPE-Great-Britain
британское правительство	британское правительство	ORG	ORG-the-UK-Government
британском правительстве	британское правительство	ORG	ORG-the-UK-Government
парламента	парламент	ORG	ORG-British-Parlament
саммит НАТО	саммит НАТО	EVT	EVT-Summit-NATO
