ru-1054
AP	AP	ORG	ORG-AP-The-Associated-Press
Brexit	Brexit	EVT	EVT-Brexit
Dinendra Haria	Dinendra Haria	PER	PER-Dinendra-Haria
GLOBAL LOOK press	GLOBAL LOOK press	PRO	PRO-Global-Look-Press
Борис Джонсон	Борис Джонсон	PER	PER-Boris-Johnson
Бориса Джонсона	Борис Джонсон	PER	PER-Boris-Johnson
Бориса	Борис	PER	PER-Boris-Johnson
Джонсона	Джонсон	PER	PER-Boris-Johnson
Дэвида Дэвиса	Дэвид Дэвис	PER	PER-David-Davis
Дэвисом	Дэвис	PER	PER-David-Davis
ЕС	ЕС	ORG	ORG-European-Union
Евросоюза	Евросоюз	ORG	ORG-European-Union
Мэй	Мэй	PER	PER-Theresa-May
Рейтер	Рейтер	ORG	ORG-Reuters
Скрипали	Скрипали	PER	PER-Siergiej-Skripal
Скрипали	Скрипали	PER	PER-Yulia-Skripal
Соединенному Королевству	Соединенное Королевство	LOC	GPE-Great-Britain
Терезой Мэй	Тереза Мэй	PER	PER-Theresa-May
внешнеполитического ведомства	внешнеполитическое ведомство	ORG	ORG-Foreign-Office
министерства иностранных дел Британии	министерство иностранных дел Британии	ORG	ORG-Foreign-Office
