ru-1123
PA	PA	ORG	ORG-Press-Association
Би-би-си	Би-би-си	ORG	ORG-BBC-Ltd
Борис Джонсон	Борис Джонсон	PER	PER-Boris-Johnson
Бориса Джонсона	Борис Джонсон	PER	PER-Boris-Johnson
Бориса	Борис	PER	PER-Boris-Johnson
Британии	Британия	LOC	GPE-Great-Britain
Брюсселя	Брюссель	LOC	GPE-Brussles
Даунинг-стрит	Даунинг-стрит	LOC	LOC-Downing-Street
Джонсон	Джонсон	PER	PER-Boris-Johnson
Джонсона	Джонсон	PER	PER-Boris-Johnson
Дэвид Дэвис	Дэвид Дэвис	PER	PER-David-Davis
Дэвида Дэвиса	Дэвид Дэвис	PER	PER-David-Davis
Дэвис	Дэвис	PER	PER-David-Davis
ЕС	ЕС	ORG	ORG-European-Union
Европейского союза	Европейский союз	ORG	ORG-European-Union
Евросоюза	Евросоюз	ORG	ORG-European-Union
Кунссберг	Кунссберг	PER	PER-Laura-Kuenssberg
Лоры Кюнсберг	Лора Кюнсберг	PER	PER-Laura-Kuenssberg
Терезой Мэй	Тереза Мэй	PER	PER-Theresa-May
Терезы Мэй	Тереза Мэй	PER	PER-Theresa-May
брексита	брексит	EVT	EVT-Brexit
кабинета министров	кабинет министров	ORG	ORG-Cabinet-of-the-United-Kingdom
кабинете министров	кабинет министров	ORG	ORG-Cabinet-of-the-United-Kingdom
партии консеваторов	партия консеваторов	ORG	ORG-Conservative-and-Unionist-Party-UK
референдумом 2016 года	референдум 2016 года	EVT	EVT-Brexit-Referendum
таможенного союза	таможенный союз	ORG	ORG-European-Union-Customs-Union
