ru-1038
 Бориса Джонсона	Борис Джонсон	PER	PER-Boris-Johnson
 Великобритании	Великобритания	LOC	GPE-Great-Britain
 Мэй	Мэй	PER	PER-Theresa-May
Brexit	Brexit	EVT	EVT-Brexit
Ангела Меркель	Ангела Меркель	PER	PER-Angela-Merkel
Борис Джонсон 	Борис Джонсон	PER	PER-Boris-Johnson
Борис Джонсон	Борис Джонсон	PER	PER-Boris-Johnson
Бориса Джонсона	Борис Джонсон	PER	PER-Boris-Johnson
Великобритании	Великобритания	LOC	GPE-Great-Britain
Германии	Германия	LOC	GPE-Germany
Доминик Рааб	Доминик Рааб	PER	PER-Dominic-Raab
Дэвид Дэвис	Девид Дэвис	PER	PER-David-Davis
Дэвис	Девис	PER	PER-David-Davis
Дэвис	Дэвис	PER	PER-David-Davis
Дэвиса	Дэвис	PER	PER-David-Davis
ЕС	ЕС	ORG	ORG-European-Union
Евросоюза	Евросоюз	ORG	ORG-European-Union
Евросоюзом	Евросоюз	ORG	ORG-European-Union
Лейбористы	Лейбористы	PER	ORG-Labour-Party-UK
Мэй	Мэй	PER	PER-Theresa-May
Тереза Мэй 	Тереза Мэй	PER	PER-Theresa-May
Терезу Мэй 	Тереза Мэй	PER	PER-Theresa-May
Терезу Мэй	Тереза Мэй	PER	PER-Theresa-May
Терезы Мэй	Тереза Мэй	PER	PER-Theresa-May
ФАКТЫ	ФАКТЫ	PRO	PRO-Fakty-i-Kommentarii
Хорстом Зеехофером	Хорст Зеерхофер	PER	PER-Horst-Seehofer
Чекерс	Чекерс	LOC	LOC-Chequers-Court
