ru-ryanair-new-extra-118
Handelsblatt	Handelsblatt	PRO	PRO-Handelsblatt
RT	RT	ORG	ORG-RT
«Северного потока — 2»	«Северный поток — 2»	PRO	PRO-Nord-Stream-2
«Северный поток — 2»	«Северный поток — 2»	PRO	PRO-Nord-Stream-2
Вашингтон	Вашингтон	LOC	GPE-WashingtonDC
Владимир Путин	Владимир Путин	PER	PER-Vladimir-Putin
ЕС	ЕС	ORG	ORG-European-Union
Европе	Европа	LOC	LOC-Europe
Европу	Европа	LOC	LOC-Europe
Латвия	Латвия	LOC	GPE-Latvia
Литва	Литва	LOC	GPE-Lithuania
МИД Германии	МИД Германии	ORG	ORG-Ministry-of-Foreign-Affairs-Germany
Польша	Польша	LOC	GPE-Poland
Российской Федерации	Российская Федерация	LOC	GPE-Russia
США	США	LOC	GPE-USA
Трамп	Трамп	PER	PER-Donald-Trump
Украина	Украина	LOC	GPE-Ukraine
Украинское государство	Украинское государство	LOC	GPE-Ukraine
ФРГ	ФРГ	LOC	GPE-Germany
Хайко Маас	Хайко Маас	PER	PER-Heiko-Maas
