ru-ryanair-new-extra-116
"Газпром"	"Газпром"	ORG	ORG-Gazprom
"Северного потока-2"	"Северный поток-2"	PRO	PRO-Nord-Stream-2
"Северный поток-2 "	"Северный поток-2 "	PRO	PRO-Nord-Stream-2
"Северный поток-2"	"Северный поток-2"	PRO	PRO-Nord-Stream-2
Engie	Engie	ORG	ORG-Engie
OMV	OMV	ORG	ORG-OMV
Reuters	Reuters	ORG	ORG-Reuters
Shell	Shell	ORG	ORG-Royal-Dutch-Shell-BG-Group
Uniper	Uniper	ORG	ORG-Uniper
Wintershall	Wintershall	ORG	ORG-Wintershall
Балтийского моря	Балтийское море	LOC	LOC-Baltic-Sea
Берлин	Берлин	LOC	GPE-Berlin
Берлине	Берлин	LOC	GPE-Berlin
Бюхель	Бюхель	PER	PER-Wolfgang-Buchele
Вашингтона	Вашингтон	LOC	GPE-WashingtonDC
Вольфганг Бюхель (Wolfgang Büchele)	Вольфганг Бюхель (Wolfgang Büchele)	PER	PER-Wolfgang-Buchele
Восточного комитета немецкой экономики	Восточный комитет немецкой экономики	ORG	ORG-Committee-on-Eastern-European-Economic-Relations
Германии	Германия	LOC	GPE-Germany
ЕС	ЕС	ORG	ORG-European-Union
Европе	Европа	LOC	LOC-Europe
МИД Германии	МИД Германии	ORG	ORG-Ministry-of-Foreign-Affairs-Germany
Маас	Маас	PER	PER-Heiko-Maas
Польша	Польша	LOC	GPE-Poland
США	США	LOC	GPE-USA
Украина	Украина	LOC	GPE-Ukraine
Украины	Украина	LOC	GPE-Ukraine
страны Балтии	страны Балтии	LOC	LOC-Baltic-countries
