ru-30
ONLINE.UA	ONLINE.UA	ORG	
Warsaw Security Forum 2018	Warsaw Security Forum 2018	EVT	
Балтийского моря	Балтийское море	LOC	
Блю Стрим Пайплайн Компани Б.В	Блю Стрим Пайплайн Компани Б.В	ORG	
Владимир Путин	Владимир Путин	PER	
Газпрома 	Газпром	ORG	
Газпрому	Газпром	ORG	
Германию	Германия	LOC	
Голубой поток	Голубой поток	PRO	
Дональду Трампу	Дональд Трамп	PER	
Европе	Европа	LOC	
Натфогаз Украины	Натфогаз Украины	ORG	
Нафтогаз Украины	Нафтогаз Украины	LOC	
Польское радио	Польское радио	ORG	
Польша 	Польша	LOC	
Польша	Польша	LOC	
России 	Россия	LOC	
России	Россия	LOC	
Россия 	Россия	LOC	
Северного потока-2	Северный поток-2	PRO	
Северный поток 2	Северный поток 2	PRO	
Северный поток-2 	Северный поток-2	PRO	
Северный поток-2	Северный поток-2	PRO	
Украину 	Украина	LOC	
Украины	Украина	LOC	
Чапутович 	Чапутович	PER	
Яцек Чапутович	Яцек Чапутович	PER	
окружной суд Амстердама	окружной суд Амстердама	ORG	
суд Великобритании	суд Великобритании	ORG	
