ru-ryanair-new-extra-122
"Северного потока-2"	"Северный поток-2"	PRO	PRO-Nord-Stream-2
"Северный поток-2"	"Северный поток-2"	PRO	PRO-Nord-Stream-2
DW	DW	PRO	PRO-Deutsche-Welle
Берлин	Берлин	LOC	GPE-Berlin
Берлине	Берлин	LOC	GPE-Berlin
Вашингтона	Вашингтон	LOC	GPE-WashingtonDC
Вольфганг Бюхеле	Вольфганг Бюхеле	PER	PER-Wolfgang-Buchele
Восточного комитета немецкой экономики	Восточный комитет немецкой экономики	ORG	ORG-Committee-on-Eastern-European-Economic-Relations
Восточного комитета	Восточный комитет	ORG	ORG-Committee-on-Eastern-European-Economic-Relations
Германии	Германия	LOC	GPE-Germany
Германию	Германия	LOC	GPE-Germany
Европе	Европа	LOC	LOC-Europe
Европу	Европа	LOC	LOC-Europe
КИЕВ	КИЕВ	LOC	GPE-Kiev
МИД Германии	МИД Германии	ORG	ORG-Ministry-of-Foreign-Affairs-Germany
Мас	Мас	PER	PER-Heiko-Maas
Нидерландах	Нидерланды	LOC	GPE-Holland
России	Россия	LOC	GPE-Russia
США	США	LOC	GPE-USA
УНН	УНН	ORG	ORG-UNN
Украину	Украина	LOC	GPE-Ukraine
Хайко Мас	Хайко Мас	PER	PER-Heiko-Maas
“Северный поток-2”	“Северный поток-2”	PRO	PRO-Nord-Stream-2
