ru-21
BASF Wintershall	BASF Wintershall	ORG	ORG-Wintershall
BDI	BDI	ORG	ORG-BDI-Bundesverband-der-Deutschen-Industrie
Nord Stream 2 AG	Nord Stream 2 AG	ORG	ORG-Nord-Stream-2-AG
Shell	Shell	ORG	ORG-Royal-Dutch-Shell-BG-Group
Süddeutsche Zeitung	Süddeutsche Zeitung	PRO	PRO-SUddeutsche-Zeitung
Uniper 	Uniper	ORG	ORG-Uniper
ZN.UA	ZN.UA	ORG	ORG-ZN-UA
Атлантику	Атлантика	LOC	LOC-Atlantic
Балтийского моря	Балтийское море	LOC	LOC-Baltic-Sea
Газпрому	Газпром	ORG	ORG-Gazprom
Германии 	Германия	LOC	GPE-Germany
Германии	Германия	LOC	GPE-Germany
Дании	Дания	LOC	GPE-Denmark
Дитера Кемпфа	Дитер Кемпф	PER	PER-Dieter-Kempf
ЕС 	ЕС	ORG	ORG-European-Union
Европу	Европа	LOC	LOC-Europe
Кемпф	Кемпф	PER	PER-Dieter-Kempf
Россия	Россия	LOC	GPE-Russia
США 	США	LOC	GPE-USA
Северного потока-2	Северный поток-2	PRO	PRO-Nord-Stream-2
Северный поток 2	Северный поток 2	PRO	PRO-Nord-Stream-2
Северный поток-2	Северный поток-2	PRO	PRO-Nord-Stream-2
Федерального объединения немецкой промышленности	Федеральное объединение немецкой промышленности	ORG	ORG-BDI-Bundesverband-der-Deutschen-Industrie
Цензор.НЕТ	Цензор.НЕТ	ORG	ORG-Censor-Net
стрим2	стрим2	ORG	ORG-Nord-Stream-2-AG
