ru-10
 OBOZREVATEL	OBOZREVATEL	ORG	ORG-Obozrevatel
Die Welt 	Die Welt	PRO	PRO-Die-Welt
Frankfurter Allgemeine Zeitung	Frankfurter Allgemeine Zeitung	PRO	PRO-Frankfurter-Allgemeine-Zeitung
OBOZREVATEL	OBOZREVATEL	ORG	ORG-Obozrevatel
Америкой 	Америка	LOC	LOC-America
Берлин 	Берлин	LOC	GPE-Berlin
Германии 	Германия	LOC	GPE-Germany
Германию 	Германия	LOC	GPE-Germany
Герхард Гнаук	Герхард Гнаук	PER	PER-Gerhard-Gnauck
Дмитрий Кулеба 	Дмитрий Кулеба	PER	PER-Dmitry-Kuleba
Европой 	Европа	LOC	LOC-Europe
Европы 	Европа	LOC	LOC-Europe
Норд Стрима	Норд Стрим	PRO	PRO-Nord-Stream-2
Россией	Россия	LOC	GPE-Russia
США 	США	LOC	GPE-USA
Северного потока	Северный поток	PRO	PRO-Nord-Stream-2
Северный поток-2	Северный поток-2	PRO	PRO-Nord-Stream-2
Северный поток	Северный поток	PRO	PRO-Nord-Stream-2
Совете Европы	Совет Европы	ORG	ORG-Council-of-the-European-Union
Украина	Украина	LOC	GPE-Ukraine
Украины 	Украина	LOC	GPE-Ukraine
