ru-ryanair-new-extra-11
Handelsblatt	Handelsblatt	PRO	PRO-Handelsblatt
REGNUM	REGNUM	ORG	ORG-REGNUM-News-Agency
«Северный поток-2»	«Северный поток-2»	PRO	PRO-Nord-Stream-2
Берлин	Берлин	LOC	GPE-Berlin
Брюссель	Брюссель	LOC	GPE-Brussles
Германии	Германия	LOC	GPE-Germany
Гюнтера Эттингера	Гюнтер Эттингер	PER	PER-Guenther-Oettinger
ЕС	ЕС	ORG	ORG-European-Union
Европой	Европа	LOC	LOC-Europe
ИА REGNUM	ИА REGNUM	ORG	ORG-REGNUM-News-Agency
Михаил Демурин	Михаил Демурин	PER	PER-Mikhail-Demurin
Москву	Москва	LOC	GPE-Moscow
Польши	Польша	LOC	GPE-Poland
Прибалтики	Прибалтика	LOC	LOC-Baltic-countries
Ричард Гренелл	Ричард Гренелл	PER	PER-Richard-Grenell
Россией	Россия	LOC	GPE-Russia
России	Россия	LOC	GPE-Russia
Румынии	Румыния	LOC	GPE-Romania
США	США	LOC	GPE-USA
Северного потока-2	Северный поток-2	PRO	PRO-Nord-Stream-2
Северный поток 2	Северный поток 2	PRO	PRO-Nord-Stream-2
Северным потоком 2	Северный поток 2	PRO	PRO-Nord-Stream-2
Украины	Украина	LOC	GPE-Ukraine
Эттингер	Эттингер	PER	PER-Guenther-Oettinger
