ru-ryanair-new-extra-991
«Северного потока-2»	«Северный поток-2»	PRO	PRO-Nord-Stream-2
«Северный поток-2»	«Северный поток-2»	PRO	PRO-Nord-Stream-2
Братиславе	Братислава	LOC	GPE-Bratislava
Венгрии	Венгрия	LOC	GPE-Hungary
Вишеградской группы	Вишеградская группа	ORG	ORG-Visegrad-Group
Газовой директиве Евросоюза	Газовая директива Евросоюза	PRO	PRO-Gas-Directive-EU
Германии	Германия	LOC	GPE-Germany
Германия	Германия	LOC	GPE-Germany
ЕС	ЕС	ORG	ORG-European-Union
Меркель	Меркель	PER	PER-Angela-Merkel
Нидерландов	Нидерланды	LOC	GPE-Holland
Норвегии	Норвегия	LOC	GPE-Norway
Париж	Париж	LOC	GPE-Paris
Польши	Польша	LOC	GPE-Poland
России	Россия	LOC	GPE-Russia
Словакии	Словакия	LOC	GPE-Slovakia
ТАСС	ТАСС	ORG	ORG-TASS-Agency
Франция	Франция	LOC	GPE-France
Чехии	Чехия	LOC	GPE-Czech-Republic
