ru-ryanair-new-extra-99
Handelsblatt	Handelsblatt	PRO	PRO-Handelsblatt
RT	RT	ORG	ORG-RT
«Северного потока — 2»	«Северный поток — 2»	PRO	PRO-Nord-Stream-2
«Северный поток — 2»	«Северный поток — 2»	PRO	PRO-Nord-Stream-2
Вашингтон	Вашингтон	LOC	GPE-WashingtonDC
Вашингтоне	Вашингтон	LOC	GPE-WashingtonDC
Германии	Германия	LOC	GPE-Germany
Европе	Европа	LOC	LOC-Europe
Европы	Европа	LOC	LOC-Europe
МИД Германии	МИД Германии	ORG	ORG-Ministry-of-Foreign-Affairs-Germany
Маас	Маас	PER	PER-Heiko-Maas
Майка Помпео	Майк Помпео	PER	PER-Mike-Pompeo
РИА «Новости»	РИА «Новости»	ORG	ORG-RIA-Novosti
Российской Федерации	Российская Федерация	LOC	GPE-Russia
США	США	LOC	GPE-USA
Украина	Украина	LOC	GPE-Ukraine
ФРГ	ФРГ	LOC	GPE-Germany
Хайко Маас	Хайко Маас	PER	PER-Heiko-Maas
немецкого МИД	немецкий МИД	ORG	ORG-Ministry-of-Foreign-Affairs-Germany
