ru-ryanair-new-extra-240
"Газпром"	"Газпром"	ORG	ORG-Gazprom
"Газпрома"	"Газпром"	ORG	ORG-Gazprom
"Северный поток - 2"	"Северный поток - 2"	PRO	PRO-Nord-Stream-2
"Северный поток-2"	"Северный поток-2"	PRO	PRO-Nord-Stream-2
DIGI24	DIGI24	PRO	PRO-DIGI24
E.ON	E.ON	ORG	ORG-E.ON
Engie	Engie	ORG	ORG-Engie
OMV	OMV	ORG	ORG-OMV
Shell	Shell	ORG	ORG-Royal-Dutch-Shell-BG-Group
Wintershall	Wintershall	ORG	ORG-Wintershall
Австрии	Австрия	LOC	GPE-Austria
Германией	Германия	LOC	GPE-Germany
Германии	Германия	LOC	GPE-Germany
ЕС	ЕС	ORG	ORG-European-Union
Евросоюза	Евросоюз	ORG	ORG-European-Union
КИЕВ	КИЕВ	LOC	GPE-Kiev
Россией	Россия	LOC	GPE-Russia
Румыния	Румыния	LOC	GPE-Romania
Совете министров Евросоюза	Совет министров Евросоюза	ORG	ORG-Council-of-the-European-Union
УНН	УНН	ORG	ORG-UNN
