ru-196
Eni	Eni	ORG	ORG-Eni
ONLINE.UA 	ONLINE.UA	PRO	PRO-ONLINE-UA
ONLINE.UA	ONLINE.UA	PRO	PRO-ONLINE-UA
Блю Стрим Пайплайн Компани Б. В.	Блю Стрим Пайплайн Компани Б. В.	ORG	ORG-Blue-Stream-Pipeline-Company-B.V.
Блю Стрим Пайплайн Компани	Блю Стрим Пайплайн Компани	ORG	ORG-Blue-Stream-Pipeline-Company-B.V.
Владимир Путин	Владимир Путин	PER	PER-Vladimir-Putin
Газпром	Газпром	ORG	ORG-Gazprom
Газпрома	Газпром	ORG	ORG-Gazprom
Газпромом	Газпром	ORG	ORG-Gazprom
Газпрому	Газпром	ORG	ORG-Gazprom
Голубой поток	Голубой поток	PRO	PRO-Blue-Stream
Дональду Трампу	Дональд Трамп	PER	PER-Donald-Trump
Кирилл Габурич	Кирилл Габурич	PER	PER-Kirill-Gaburich
Молдовы 	Молдова	LOC	GPE-Moldova
Молдовы	Молдова	LOC	GPE-Moldova
Натфогаз Украины	Натфогаз Украины	ORG	ORG-Naftogaz
Нафтогаз	Нафтогаз	ORG	ORG-Naftogaz
Окружного суда Амстердама	Окружной суд Амстердама	ORG	ORG-Amsterdam-District-Court
Окружной суд Амстердама	Окружной суд Амстердама	ORG	ORG-Amsterdam-District-Court
РФ 	РФ	LOC	GPE-Russia
России 	Россия	LOC	GPE-Russia
Россия 	Россия	LOC	GPE-Russia
Северный поток 2	Северный поток 2	PRO	PRO-Nord-Stream-2
Турцию	Турция	LOC	GPE-Turkey
Украину 	Украина	LOC	GPE-Ukraine
