ru-217
 Голубой поток	Голубой поток	PRO	PRO-Blue-Stream
Eni	Eni	ORG	ORG-Eni
Блю Стрим Пайплайн 	Блю Стрим Пайплайн	ORG	ORG-Blue-Stream-Pipeline-Company-B.V.
Блю Стрим Пайплайн	Блю Стрим Пайплайн	ORG	ORG-Blue-Stream-Pipeline-Company-B.V.
Газпром 	Газпром	ORG	ORG-Gazprom
Газпрома 	Газпром	ORG	ORG-Gazprom
Газпромом	Газпром	ORG	ORG-Gazprom
Газпрому	Газпром	ORG	ORG-Gazprom
Голубой поток	Голубой поток	ORG	ORG-Blue-Stream-Pipeline-Company-B.V.
Голубой поток	Голубой поток	PRO	PRO-Blue-Stream
Нафтогаз 	Нафтогаз	ORG	ORG-Naftogaz
Нафтогаз	Нафтогаз	ORG	ORG-Naftogaz
Окружного суда Амстердама	Окружной суд Амстердама	ORG	ORG-Amsterdam-District-Court
Окружной суд Амстердама	Окружной суд Амстердама	ORG	ORG-Amsterdam-District-Court
РФ 	РФ	LOC	GPE-Russia
США 	США	LOC	GPE-USA
Северного потока-2	Северный поток-2	PRO	PRO-Nord-Stream-2
Турцию	Турция	LOC	GPE-Turkey
Украины 	Украина	LOC	GPE-Ukraine
