ru-ryanair-new-extra-990
3-го энергопакета	3-й энергопакет	PRO	Pro-Third-Energy-Package
Süddeutsche Zeitung	Süddeutsche Zeitung	PRO	PRO-SUddeutsche-Zeitung
«Газпром»	«Газпром»	ORG	ORG-Gazprom
«Северного потока — 2»	«Северный поток — 2»	PRO	PRO-Nord-Stream-2
«Северный поток — 2»	«Северный поток — 2»	PRO	PRO-Nord-Stream-2
Австрия	Австрия	LOC	GPE-Austria
Бельгия	Бельгия	LOC	GPE-Belgium
Брюсселе	Брюссель	LOC	GPE-Brussles
Брюсселем	Брюссель	LOC	GPE-Brussles
Германия	Германия	LOC	GPE-Germany
Греция	Греция	LOC	GPE-Greece
ЕС	ЕС	ORG	ORG-European-Union
Кипр	Кипр	LOC	GPE-Cyprus
Москвой	Москва	LOC	GPE-Moscow
Нидерланды	Нидерланды	LOC	GPE-Holland
Париж	Париж	LOC	GPE-Paris
Парижа	Париж	LOC	GPE-Paris
Париже	Париж	LOC	GPE-Paris
Польша	Польша	LOC	GPE-Poland
РФ	РФ	LOC	GPE-Russia
Румыния	Румыния	LOC	GPE-Romania
Словакия	Словакия	LOC	GPE-Slovakia
Совете ЕС	Совет ЕС	ORG	ORG-European-Council
Франции	Франция	LOC	GPE-France
Франция	Франция	LOC	GPE-France
европейского союза	европейский союз	ORG	ORG-European-Union
