ru-23
Nord Stream 2 AG	Nord Stream 2 AG	ORG	ORG-Nord-Stream-2-AG
Александр Грушко	Александр Грушко	PER	PER-Alexander-Grushko
Варшава	Варшава	LOC	GPE-Warsaw
Генассамблеи ООН	Генассамблея ООН	ORG	ORG-United-Nations-General-Assembly
Германию	Германия	LOC	GPE-Germany
Грушко	Грушко	PER	PER-Alexander-Grushko
Дании	Дания	LOC	GPE-Denmark
Дональда Трампа	Дональд Трамп	PER	PER-Donald-Trump
Европе	Европа	LOC	LOC-Europe
Европу	Европа	LOC	LOC-Europe
Европы	Европа	LOC	LOC-Europe
МИД РФ	МИД РФ	ORG	ORG-Ministry-of-Foreign-Affairs-Russia
Нордового потока-2	Нордовый поток-2	PRO	PRO-Nord-Stream-2
РФ	РФ	LOC	GPE-Russia
Россией	Россия	LOC	GPE-Russia
Российской Федерации	Российская Федерация	LOC	GPE-Russia
США	США	LOC	GPE-USA
Северного потока — 2	Северный поток — 2	PRO	PRO-Nord-Stream-2
Северному потоку — 2	Северный поток — 2	PRO	PRO-Nord-Stream-2
Трамп	Трамп	PER	PER-Donald-Trump
Украина	Украина	LOC	GPE-Ukraine
