ru-26
Castoro 10	Castoro 10	PRO	PRO-Castoro-10
Nord Stream 2 AG	Nord Stream 2 AG	ORG	ORG-Nord-Stream-2-AG
RT	RT	ORG	ORG-RT
Балтийского моря	Балтийское море	LOC	LOC-Baltic-Sea
Балтики	Балтика	LOC	LOC-Baltic-countries
Германии	Германия	LOC	GPE-Germany
Германию 	Германия	LOC	GPE-Germany
Дании	Дания	LOC	GPE-Denmark
Зарядье	Зарядье	LOC	LOC-Zaryadye
Йенс Мюллер	Йенс Мюллер	PER	PER-Jens-Muller
КБ Стрелка	КБ Стрелка	ORG	ORG-Strelka
Мюллер 	Мюллер	PER	PER-Jens-Muller
Нордового потока-2	Нордовый потока-2	PRO	PRO-Nord-Stream-2
Польши	Польша	LOC	GPE-Poland
РФ	РФ	LOC	GPE-Russia
России	Россия	LOC	GPE-Russia
Северного потока — 2	Северный поток — 2	PRO	PRO-Nord-Stream-2
Северного потока-2	Северный поток-2	PRO	PRO-Nord-Stream-2
Северный поток — 2	Северный поток — 2	PRO	PRO-Nord-Stream-2
Северный поток-2	Северный поток-2	PRO	PRO-Nord-Stream-2
Украины 	Украина	LOC	GPE-Ukraine
Финляндии	Финляндия	LOC	GPE-Finland
Швеции	Швеция	LOC	GPE-Sweden
