ru-ryanair-new-extra-242
BASF	BASF	ORG	
E.ON	E.ON	ORG	
Engie	Engie	ORG	
Nord Stream 2	Nord Stream 2	PRO	
OMV	OMV	ORG	
Shell	Shell	ORG	
Uniper	Uniper	ORG	
Wintershall	Wintershall	ORG	
«Газпром»	«Газпром»	ORG	
«Северного потока-2»	«Северный поток-2»	PRO	
«Северный поток — 2»	«Северный поток — 2»	PRO	
«Северный поток-2»	«Северный поток-2»	PRO	
Австрийская Республика	Австрийская Республика	LOC	
Болгария	Болгария	LOC	
Брюсселе	Брюссель	LOC	
Варшава	Варшава	LOC	
ЕС	ЕС	ORG	
Европарламент	Европарламент	ORG	
Европейская комиссия	Европейская комиссия	ORG	
Европейского Союза	Европейский Союз	ORG	
Польское радио	Польское радио	PRO	
Румынии	Румыния	LOC	
