ru-20
Ангелы Меркель	Ангела Меркель	PER	PER-Angela-Merkel
Балтийское море	Балтийское море	LOC	LOC-Baltic-Sea
Берлине	Берлин	LOC	GPE-Berlin
Вашингтоне	Вашингтон	LOC	GPE-WashingtonDC
Вашингтоном	Вашингтон	LOC	GPE-WashingtonDC
Германии 	Германия	LOC	GPE-Germany
Германии	Германия	LOC	GPE-Germany
Германия	Германия	LOC	GPE-Germany
Госдепартамента 	Госдепартамент	ORG	ORG-Department-of-State-USA
Госдепартамента США	Госдепартамент США	ORG	ORG-Department-of-State-USA
Дэвид Тесслер	Дэвид Тесслер	PER	PER-David-Tessler
МИД ФРГ	МИД ФРГ	ORG	ORG-Federal-Foreign-Office-Germany
Норд-Стрим	Норд-Стрим	ORG	ORG-Nord-Stream-2-AG
Россией	Россия	LOC	GPE-Russia
России 	Россия	LOC	GPE-Russia
США 	США	LOC	GPE-USA
США	США	LOC	GPE-USA
Северного потока 2	Северный поток 2	PRO	PRO-Nord-Stream-2
Северный поток 2	Северный поток 2	PRO	PRO-Nord-Stream-2
Северный поток-2	Северный поток-2	PRO	PRO-Nord-Stream-2
Северный поток–2	Северный поток–2	PRO	PRO-Nord-Stream-2
Трампа	Трамп	PER	PER-Donald-Trump
ФРГ 	ФРГ	LOC	GPE-Germany
ФРГ	ФРГ	LOC	GPE-Germany
Финляндии 	Финляндия	LOC	GPE-Finland
Финляндии	Финляндия	LOC	GPE-Finland
Финском заливе	Финский залив	LOC	LOC-Gulf-of-Finland
Хайко Мааса	Хайко Маас	PER	PER-Heiko-Maas
Хандельсблатт	Хандельсблатт	PRO	PRO-Handelsblatt
Юнипер	Юнипер	ORG	ORG-Uniper
