ru-ryanair-new-extra-530
"Газпром"	"Газпром"	ORG	ORG-Gazprom
"Северного потока-2"	"Северный поток-2"	PRO	PRO-Nord-Stream-2
"Северный поток-2"	"Северный поток-2"	PRO	PRO-Nord-Stream-2
"Турецкого потока"	"Турецкий поток"	PRO	PRO-Turkish-Stream
Bild	Bild	PRO	PRO-Bild
Engie	Engie	ORG	ORG-Engie
OMV	OMV	ORG	ORG-OMV
Shell	Shell	ORG	ORG-Royal-Dutch-Shell-BG-Group
Uniper	Uniper	ORG	ORG-Uniper
Wintershall	Wintershall	ORG	ORG-Wintershall
Балтии	Балтия	LOC	LOC-Baltic-countries
Балтийского моря	Балтийское море	LOC	LOC-Baltic-Sea
Вашингтон	Вашингтон	LOC	GPE-WashingtonDC
Германии	Германия	LOC	GPE-Germany
Гренелл	Гренелл	PER	PER-Richard-Grenell
Гренелла	Гренелл	PER	PER-Richard-Grenell
ЕС	ЕС	ORG	ORG-European-Union
Европы	Европа	LOC	LOC-Europe
Киев	Киев	LOC	GPE-Kiev
Польша	Польша	LOC	GPE-Poland
Ричард Гренелл	Ричард Гренелл	PER	PER-Richard-Grenell
России	Россия	LOC	GPE-Russia
США	США	LOC	GPE-USA
Украина	Украина	LOC	GPE-Ukraine
Украину	Украина	LOC	GPE-Ukraine
Украины	Украина	LOC	GPE-Ukraine
