ru-18
Nord Stream 2	Nord Stream 2	ORG	ORG-Nord-Stream-2-AG
Азовском море	Азовское море	LOC	LOC-The-Sea-of-Azov
Крыма 	Крым	LOC	GPE-Crimea
Крыма	Крым	LOC	GPE-Crimea
Механик Погодин	Механик Погодин	PRO	PRO-Mechanic-Pogodin-The-Ship
Норд	Норд	PRO	PRO-Nord-The-Ship
Российской Федерации	Российская Федерация	LOC	GPE-Russia
Роттердам +	Роттердам +	PRO	PRO-Rotterdam-Plus
Роттердам+	Роттердам+	PRO	PRO-Rotterdam-Plus
Танкер	Танкер	ORG	ORG-Tanker
Украина 	Украина	LOC	GPE-Ukraine
Украина	Украина	LOC	GPE-Ukraine
Украиной	Украина	LOC	GPE-Ukraine
Украинским государством	Украинское государство	LOC	GPE-Ukraine
Украинском государстве	Украинское государство	LOC	GPE-Ukraine
Украину	Украина	LOC	GPE-Ukraine
Украины 	Украина	LOC	GPE-Ukraine
Украины	Украина	LOC	GPE-Ukraine
Херсона 	Херсон	LOC	GPE-Kherson
