ru-ryanair-new-extra-127
"Интерфакса"	"Интерфакс"	ORG	ORG-Interfax
Nord Stream 2	Nord Stream 2	PRO	PRO-Nord-Stream-2
Берлин	Берлин	LOC	GPE-Berlin
Берлине	Берлин	LOC	GPE-Berlin
Вашингтоне	Вашингтон	LOC	GPE-WashingtonDC
Владимир Путин	Владимир Путин	PER	PER-Vladimir-Putin
Восточного комитета Германской экономики	Восточный комитет Германской экономики	ORG	ORG-Committee-on-Eastern-European-Economic-Relations
Германии	Германия	LOC	GPE-Germany
Еврокомиссия	Еврокомиссия	ORG	ORG-European-Commission
Европе	Европа	LOC	LOC-Europe
Евросоюзом	Евросоюз	ORG	ORG-European-Union
МИД ФРГ	МИД ФРГ	ORG	ORG-Federal-Foreign-Office-Germany
Майку Помпео	Майк Помпео	PER	PER-Mike-Pompeo
РФ	РФ	LOC	GPE-Russia
Россией	Россия	LOC	GPE-Russia
России	Россия	LOC	GPE-Russia
Россию	Россия	LOC	GPE-Russia
США	США	LOC	GPE-USA
Украиной	Украина	LOC	GPE-Ukraine
Украину	Украина	LOC	GPE-Ukraine
Х.Маас	Х.Маас	PER	PER-Heiko-Maas
Х.Мааса	Х.Маас	PER	PER-Heiko-Maas
Хайко Маас	Хайко Маас	PER	PER-Heiko-Maas
