ru-25
 Балтийского моря	Балтийское море	LOC	LOC-Baltic-Sea
EC 	EC	ORG	ORG-European-Union
Балтийское море	Балтийское море	LOC	LOC-Baltic-Sea
Варшава 	Варшава	LOC	GPE-Warsaw
Газета.ru	Газета.ru	PRO	PRO-Gazeta-ru
Генассамблеи ООН	Генассамблеи ООН	ORG	ORG-United-Nations-General-Assembly
Германии	Германия	LOC	GPE-Germany
Германию 	Германия	LOC	GPE-Germany
Германия 	Германия	LOC	GPE-Germany
Грушко 	Грушко	PER	PER-Alexander-Grushko
Грушко	Грушко	PER	PER-Alexander-Grushko
Дании 	Дания	LOC	GPE-Denmark
Дональд Трамп	Дональд Трамп	PER	PER-Donald-Trump
ЕС 	ЕС	ORG	ORG-European-Union
Европа 	Европа	LOC	LOC-Europe
Европе	Европа	LOC	LOC-Europe
Европы 	Европа	LOC	LOC-Europe
Латвия	Латвия	LOC	GPE-Latvia
Литва 	Литва	LOC	GPE-Lithuania
МИД 	МИД	ORG	ORG-Ministry-of-Foreign-Affairs-Russia
Нордовым потоком	Нордовый поток	PRO	PRO-Nord-Stream-2
Польша 	Польша	LOC	GPE-Poland
РФ 	РФ	LOC	GPE-Russia
РФ	РФ	LOC	GPE-Russia
Россией	Россия	LOC	GPE-Russia
Российской Федерации	Российская Федерация	LOC	GPE-Russia
США 	США	LOC	GPE-USA
Северный поток — 2	Северный поток — 2	PRO	PRO-Nord-Stream-2
Соединенные Штаты	Соединенные Штаты	LOC	GPE-USA
Трампу	Трамп	PER	PER-Donald-Trump
Финляндии	Финляндия	LOC	GPE-Finland
Швеции	Швеция	LOC	GPE-Sweden
