ru-212
Eni	Eni	ORG	ORG-Eni
Блю Стрим Пайплайн Компани Б.В.	Блю Стрим Пайплайн Компани Б.В.	ORG	ORG-Blue-Stream-Pipeline-Company-B.V.
Блю Стрим Пайплайн Компани	Блю Стрим Пайплайн Компани	ORG	ORG-Blue-Stream-Pipeline-Company-B.V.
Газпром	Газпром	ORG	ORG-Gazprom
Газпрома	Газпром	ORG	ORG-Gazprom
Газпромом	Газпром	ORG	ORG-Gazprom
Газпрому	Газпром	ORG	ORG-Gazprom
Голландии 	Голландия	LOC	GPE-Holland
Голубой поток	Голубой поток	ORG	ORG-Blue-Stream-Pipeline-Company-B.V.
Голубой поток	Голубой поток	PRO	PRO-Blue-Stream
Голубом потоке	Голубой поток	PRO	PRO-Blue-Stream
Натфогаз Украины	Натфогаз Украины	ORG	ORG-Naftogaz
Нафтогаз	Нафтогаз	ORG	ORG-Naftogaz
Нафтогаза Украины	Нафтогаза Украины	ORG	ORG-Naftogaz
Нафтогазу	Нафтогаз	ORG	ORG-Naftogaz
Окружного суда Амстердама	Окружной суд Амстердама	ORG	ORG-Amsterdam-District-Court
Окружной суд Амстердама	Окружной суд Амстердама	ORG	ORG-Amsterdam-District-Court
России 	Россия	LOC	GPE-Russia
Стокгольмский арбитраж	Стокгольмский арбитраж	ORG	ORG-Stockholm-Chamber-of-Commerce
Турцию	Турция	LOC	GPE-Turkey
