ru-ryanair-new-extra-987
Twitter	Twitter	PRO	PRO-Twitter
«Исламским государством»	«Исламское государство»	ORG	ORG-Islamic-State
«Северный поток – 2»	«Северный поток – 2»	PRO	PRO-Nord-Stream-2
«Северный поток-2»	«Северный поток-2»	PRO	PRO-Nord-Stream-2
Андерс Самуэльсен	Андерс Самуэльсен	PER	PER-Anders-Samuelsen
Арктике	Арктика	LOC	LOC-Arctic
Балтийское море	Балтийское море	LOC	LOC-Baltic-Sea
Болтон	Болтон	PER	PER-John-Bolton
Вашингтоне	Вашингтон	LOC	GPE-WashingtonDC
Венесуэле	Венесуэла	LOC	GPE-Venezuela
Дании	Дания	LOC	GPE-Denmark
Джон Болтон	Джон Болтон	PER	PER-John-Bolton
Дональда Трампа	Дональд Трамп	PER	PER-Donald-Trump
Иране	Иран	LOC	GPE-Iran
МИД Дании	МИД Дании	ORG	ORG-Ministry-of-Foreign-Affairs-Danmark
МИД	МИД	ORG	ORG-Foreign-Office
НАТО	НАТО	ORG	ORG-NATO
РФ	РФ	LOC	GPE-Russia
США	США	LOC	GPE-USA
Самуэльсен	Самуэльсен	PER	PER-Anders-Samuelsen
Самуэльсеном	Самуэльсен	PER	PER-Anders-Samuelsen
Трампа	Трамп	PER	PER-Donald-Trump
Черном море	Черное море	LOC	LOC-Black-Sea
