ru-ryanair-new-extra-989
"Газпром"	"Газпром"	ORG	ORG-Gazprom
"Северного потока-2"	"Северный поток-2"	PRO	PRO-Nord-Stream-2
"Северный поток-2"	"Северный поток-2"	PRO	PRO-Nord-Stream-2
Engie	Engie	ORG	ORG-Engie
OBOZREVATEL	OBOZREVATEL	PRO	PRO-Obozrevatel
OMV	OMV	ORG	ORG-OMV
Reuters	Reuters	ORG	ORG-Reuters
Shell	Shell	ORG	ORG-Royal-Dutch-Shell-BG-Group
Uniper	Uniper	ORG	ORG-Uniper
Wintershall	Wintershall	ORG	ORG-Wintershall
Ангела Меркель	Ангела Меркель	PER	PER-Angela-Merkel
Балтийскому морю	Балтийское море	LOC	LOC-Baltic-Sea
Беларуси	Беларусь	LOC	GPE-Belarus
Братиславе	Братислава	LOC	GPE-Bratislava
Венгрией	Венгрия	LOC	GPE-Hungary
Вышеградской группы	Вышеградская группа	ORG	ORG-Visegrad-Group
Германии	Германия	LOC	GPE-Germany
Германию	Германия	LOC	GPE-Germany
Германия	Германия	LOC	GPE-Germany
Дании	Дания	LOC	GPE-Denmark
ЕС	ЕС	ORG	ORG-European-Union
Европе	Европа	LOC	LOC-Europe
Меркель	Меркель	PER	PER-Angela-Merkel
Петр Порошенко	Петр Порошенко	PER	PER-Petro-Poroshenko
Польшей	Польша	LOC	GPE-Poland
Польши	Польша	LOC	GPE-Poland
Путина	Путин	PER	PER-Vladimir-Putin
России	Россия	LOC	GPE-Russia
Словакией	Словакия	LOC	GPE-Slovakia
Украина	Украина	LOC	GPE-Ukraine
Украины	Украина	LOC	GPE-Ukraine
ФРГ	ФРГ	LOC	GPE-Germany
Финляндии	Финляндия	LOC	GPE-Finland
Францию	Франция	LOC	GPE-France
Хайко Маас	Хайко Маас	PER	PER-Heiko-Maas
Чехией	Чехия	LOC	GPE-Czech-Republic
Швеции	Швеция	LOC	GPE-Sweden
