ru-ryanair-new-extra-1000
Deutsche Welle	Deutsche Welle	PRO	PRO-Deutsche-Welle
«СП-2»	«СП-2»	PRO	PRO-Nord-Stream-2
АиФ-Москва	АиФ-Москва	PRO	PRO-Agrymenty-i-Facty-(Newspaper)
Газовую директиву	Газовая директива	PRO	PRO-Gas-Directive-EU
Газпром	Газпром	ORG	ORG-Gazprom
Германией	Германия	LOC	GPE-Germany
Германии	Германия	LOC	GPE-Germany
Гордон Сондленд	Гордон Сондленд	PER	PER-Gordon-Sondland
Дании	Дания	LOC	GPE-Denmark
ЕС	ЕС	ORG	ORG-European-Union
Еврокомиссия	Еврокомиссия	ORG	ORG-European-Commission
Европарламент	Европарламент	ORG	ORG-European-Parlament
Европу	Европа	LOC	LOC-Europe
Европы	Европа	LOC	LOC-Europe
Евросоюза	Евросоюз	ORG	ORG-European-Union
Евросоюзе	Евросоюз	ORG	ORG-European-Union
Карл Сандс	Карл Сандс	PER	PER-Carl-Sands
Москва	Москва	LOC	GPE-Moscow
Ричард Гренелл	Ричард Гренелл	PER	PER-Richard-Grenell
России	Россия	LOC	GPE-Russia
США	США	LOC	GPE-USA
Северный поток-2	Северный поток-2	PRO	PRO-Nord-Stream-2
Третий энергетический пакет	Третий энергетический пакет	PRO	Pro-Third-Energy-Package
Францией	Франция	LOC	GPE-France
