ru-ryanair-new-extra-545
Bild	Bild	PRO	PRO-Bild
Nord Stream 2 AG	Nord Stream 2 AG	ORG	ORG-Nord-Stream-2-AG
«Северный поток-2»	«Северный поток-2»	PRO	PRO-Nord-Stream-2
Алексей Миллер	Алексей Миллер	PER	PER-Aleksey-Miller
Балтийского моря	Балтийское море	LOC	LOC-Baltic-Sea
Газпроме	Газпром	ORG	ORG-Gazprom
Германии	Германия	LOC	GPE-Germany
Грайфсвальд	Грайфсвальд	LOC	GPE-Greifswald
Дании	Дания	LOC	GPE-Denmark
Европарламента	Европарламент	ORG	ORG-European-Parlament
Йенс Мюллер	Йенс Мюллер	PER	PER-Jens-Muller
Миллер	Миллер	PER	PER-Aleksey-Miller
РИА Новости	РИА Новости	ORG	ORG-RIA-Novosti
РФ	РФ	LOC	GPE-Russia
Ричард Гренелл	Ричард Гренелл	PER	PER-Richard-Grenell
Россия-1	Россия-1	PRO	PRO-Russia-1-TV
США	США	LOC	GPE-USA
Северный поток-2	Северный поток-2	PRO	PRO-Nord-Stream-2
Усть-Луги	Усть-Луга	LOC	GPE-Ust-Luga
Финляндии	Финляндия	LOC	GPE-Finland
Швеции	Швеция	LOC	GPE-Sweden
