ru-ryanair-new-extra-53
Allseas	Allseas	ORG	ORG-Allseas
Engie	Engie	ORG	ORG-Engie
Handelsblatt	Handelsblatt	PRO	PRO-Handelsblatt
OMV	OMV	ORG	ORG-OMV
Saipem	Saipem	ORG	ORG-Saipem
Shell	Shell	ORG	ORG-Royal-Dutch-Shell-BG-Group
Uniper	Uniper	ORG	ORG-Uniper
Wintershell	Wintershell	ORG	ORG-Wintershall
«Северного потока-2»	«Северный поток-2»	PRO	PRO-Nord-Stream-2
Александр Новак	Александр Новак	PER	PER-Aleksandr-Novak
Ангела Меркель	Ангела Меркель	PER	PER-Angela-Merkel
Балтийского моря	Балтийское море	LOC	LOC-Baltic-Sea
Берлине	Берлин	LOC	GPE-Berlin
Вашингтон	Вашингтон	LOC	GPE-WashingtonDC
Германии	Германия	LOC	GPE-Germany
Германию	Германия	LOC	GPE-Germany
Герхард Шрёдер	Герхард Шрёдер	PER	PER-Gerhard-Fritz-Kurt-Schröder
Госдепартамент США	Госдепартамент США	ORG	ORG-Department-of-State-USA
Дональд Трамп	Дональд Трамп	PER	PER-Donald-Trump
Европу	Европа	LOC	LOC-Europe
Кремле	Кремль	LOC	LOC-Kremlin
Кремля	Кремль	LOC	LOC-Kremlin
Минэнерго	Минэнерго	ORG	ORG-Ministry-of-Energy-Russia
Нидерландах	Нидерланды	LOC	GPE-Holland
Петр Порошенко	Петр Порошенко	PER	PER-Petro-Poroshenko
Ричард Греннелл	Ричард Греннелл	PER	PER-Richard-Grenell
России	Россия	LOC	GPE-Russia
Россия	Россия	LOC	GPE-Russia
США	США	LOC	GPE-USA
Северного потока-2	Северный поток-2	PRO	PRO-Nord-Stream-2
Северный поток-2	Северный поток-2	PRO	PRO-Nord-Stream-2
Украине	Украина	LOC	GPE-Ukraine
Украины	Украина	LOC	GPE-Ukraine
ФРГ	ФРГ	LOC	GPE-Germany
Шатель-Сен-Дени	Шатель-Сен-Дени	LOC	GPE-Chatel-Saint-Denis
