ru-14
Engie 	Engie	ORG	ORG-Engie
Engie	Engie	ORG	ORG-Engie
Nord Stream 2 AG	Nord Stream 2 AG	ORG	ORG-Nord-Stream-2-AG
OMV	OMV	ORG	ORG-OMV
Shell	Shell	ORG	ORG-Shell-Exploration-Production
Uniper 	Uniper	ORG	ORG-Uniper
Wintershall 	Wintershall	ORG	ORG-Wintershall
Wintershall	Wintershall	ORG	ORG-Wintershall
Винтерсхалл Нидерланды Транспорт энд Трейдинг Б.В.	Винтерсхалл Нидерланды Транспорт энд Трейдинг Б.В.	ORG	ORG-Wintershall
Газпром	Газпром	ORG	ORG-Gazprom
Газпрома	Газпром	ORG	ORG-Gazprom
МОСКВА	МОСКВА	LOC	GPE-Moscow
Марио Мерен	Марио Мерен	PER	PER-Mario-Mehren
Норд Стрим 2 АГ	Норд Стрим 2 АГ	ORG	ORG-Nord-Stream-2-AG
ОМВ Газ GAZA Маркетинг Трейдинг энд Финанс Б.В.	ОМВ Газ GAZA Маркетинг Трейдинг энд Финанс Б.В.	ORG	ORG-OMV
ПРАЙМ	ПРАЙМ	ORG	ORG-PRIME-News-Agency
Северный поток-2	Северный поток-2	PRO	PRO-Nord-Stream-2
Шелл Эксплорейшн энд Продакшн (LXXI) Б.В.	Шелл Эксплорейшн энд Продакшн (LXXI) Б.В.	ORG	ORG-Shell-Exploration-Production
Энжи Энерджи Менеджмент Холдинг Швейцария АГ	Энжи Энерджи Менеджмент Холдинг Швейцария АГ	ORG	ORG-Engie
Юнипер Газ Транспортэйшн энд Финанс Б.В.	Юнипер Газ Транспортэйшн энд Финанс Б.В.	ORG	ORG-Uniper
