ru-27
 Генассамблее ООН	Генассамблея ООН	ORG	ORG-United-Nations-General-Assembly
Nord Stream 2	Nord Stream 2	ORG	ORG-Nord-Stream-2-AG
Александр Грушко	Александр Грушко	PER	PER-Alexander-Grushko
ГА ООН	ГА ООН	ORG	ORG-United-Nations-General-Assembly
Генассамблеи ООН	Генассамблея ООН	ORG	ORG-United-Nations-General-Assembly
Германию 	Германия	LOC	GPE-Germany
Германия	Германия	LOC	GPE-Germany
Грушко	Грушко	PER	PER-Alexander-Grushko
Дональд Трамп	Дональд Трамп	PER	PER-Donald-Trump
Европе	Европа	LOC	LOC-Europe
Европу 	Европа	LOC	LOC-Europe
Европы	Европа	LOC	LOC-Europe
Захарова 	Захарова	PER	PER-Maria-Zaharova
Латвия	Латвия	LOC	GPE-Latvia
Литва 	Литва	LOC	GPE-Lithuania
МИД 	МИД	ORG	ORG-Ministry-of-Foreign-Affairs-Russia
МИД РФ	МИД РФ	ORG	ORG-Ministry-of-Foreign-Affairs-Russia
Нордовым потоком	Нордовый поток	PRO	PRO-Nord-Stream-2
Польша 	Польша	LOC	GPE-Poland
РИА Новости	РИА Новости	ORG	ORG-RIA-Novosti
РФ	РФ	LOC	GPE-Russia
Россией	Россия	LOC	GPE-Russia
Российской Федерации	Российская Федерация	LOC	GPE-Russia
США 	США	LOC	GPE-USA
США	США	LOC	GPE-USA
Северного потокам — 2	Северный поток — 2	PRO	PRO-Nord-Stream-2
Северный поток — 2	Северный поток — 2	PRO	PRO-Nord-Stream-2
Трампа 	Трамп	PER	PER-Donald-Trump
Украина	Украина	LOC	GPE-Ukraine
