ru-28
 Юрий Витренко	Юрий Витренко	PER	PER-Yuriy-Vitrenko
ONLINE.UA	ONLINE.UA	PRO	PRO-ONLINE-UA
Алексей Миллер	Алексей Миллер	PER	PER-Aleksey-Miller
Блю Стрим Пайплайн Компани Б.В	Блю Стрим Пайплайн Компани Б.В	ORG	ORG-Blue-Stream-Pipeline-Company-B.V.
Владимир Путин	Владимир Путин	PER	PER-Vladimir-Putin
Газпром	Газпром	ORG	ORG-Gazprom
Газпрома 	Газпром	ORG	ORG-Gazprom
Газпрому	Газпром	ORG	ORG-Gazprom
Голубой поток	Голубой поток	ORG	ORG-Blue-Stream-Pipeline-Company-B.V.
Дональду Трампу	Дональд Трамп	PER	PER-Donald-Trump
Европа 	Европа	LOC	LOC-Europe
Интерфакс	Интерфакс	ORG	ORG-Interfax
Миллер 	Миллер	PER	PER-Aleksey-Miller
Натфогаз Украины	Натфогаз Украины	ORG	ORG-Naftogaz
Нафтогаз Украины	Нафтогаз Украины	ORG	ORG-Naftogaz
Петербургского международного газового форума	Петербургский международный газовый форум	EVT	EVT-Saint-Petersburg-International-Gas-Forum
России 	Россия	LOC	GPE-Russia
Россия	Россия	LOC	GPE-Russia
Северного потока-1	Северный поток-1	PRO	PRO-Nord-Stream-1
Северного потока-2 	Северный поток-2	PRO	PRO-Nord-Stream-2
Северного потока-2	Северный поток-2	PRO	PRO-Nord-Stream-2
Северном потоке-2	Северный поток-2	PRO	PRO-Nord-Stream-2
Северный поток 2	Северный поток 2	PRO	PRO-Nord-Stream-2
Северный поток-2 	Северный поток-2	PRO	PRO-Nord-Stream-2
Украину 	Украина	LOC	GPE-Ukraine
окружной суд Амстердама	окружной суд Амстердама	ORG	ORG-Amsterdam-District-Court
суд Великобритании	суд Великобритании	ORG	ORG-British-Chambers-of-Commerce
