ru-203
Амстердамским судом 	Амстердамский суд	ORG	ORG-Amsterdam-District-Court
Англии	Англия	LOC	GPE-Great-Britain
Блю Стрим Пайплайн	Блю Стрим Пайплайн	ORG	ORG-Blue-Stream-Pipeline-Company-B.V.
Великобритании	Великобритания	LOC	GPE-Great-Britain
Газпром	Газпром	ORG	ORG-Gazprom
Газпрома	Газпром	ORG	ORG-Gazprom
Газпрому	Газпром	ORG	ORG-Gazprom
Голубой поток	Голубой поток	PRO	PRO-Blue-Stream
Нафтогаз Украины	Нафтогаз Украины	ORG	ORG-Naftogaz
Нафтогаз	Нафтогаз	ORG	ORG-Naftogaz
Нафтогаза	Нафтогаз	ORG	ORG-Naftogaz
Нафтогазе	Нафтогаз	ORG	ORG-Naftogaz
Нафтогазом	Нафтогаз	ORG	ORG-Naftogaz
Нидерландах	Нидерланды	LOC	GPE-Holland
Нидерланды	Нидерланды	LOC	GPE-Holland
Россия	Россия	LOC	GPE-Russia
Северный поток-1	Северный поток-1	PRO	PRO-Nord-Stream-1
Северный поток-2	Северный поток-2	PRO	PRO-Nord-Stream-2
Стокгольмского арбитража	Стокгольмский арбитраж	ORG	ORG-Stockholm-Chamber-of-Commerce
Стокгольмском арбитраже	Стокгольмский арбитраж	ORG	ORG-Stockholm-Chamber-of-Commerce
УНИАН	УНИАН	ORG	ORG-UNIAN
Украиной	Украина	LOC	GPE-Ukraine
Швейцарии 	Швейцария	LOC	GPE-Switzerland
Швеции 	Швеция	LOC	GPE-Sweden
апелляционный суд округа Свеа	апелляционный суд округа Свеа	ORG	ORG-Svea-Court-of-Appeal
коммерческий суд Лондона	коммерческий суд Лондона	ORG	ORG-Commercial-Court-of-London
суд Швеции	суд Швеции	ORG	ORG-court-of-Sweden
