ru-ryanair-new-extra-992
"Газпрома"	"Газпром"	ORG	ORG-Gazprom
"Северному потоку — 2"	"Северный поток — 2"	PRO	PRO-Nord-Stream-2
"Северный поток — 2"	"Северный поток — 2"	PRO	PRO-Nord-Stream-2
Балтийское море	Балтийское море	LOC	LOC-Baltic-Sea
Берлине	Берлин	LOC	GPE-Berlin
Виктория Иванова	Виктория Иванова	PER	PER-Viktoria-Ivanova
Газовой директивы Евросоюза	Газовая директива Евросоюза	PRO	PRO-Gas-Directive-EU
Газовую директиву ЕС	Газовая директива ЕС	PRO	PRO-Gas-Directive-EU
Германии	Германия	LOC	GPE-Germany
Германия	Германия	LOC	GPE-Germany
ЕС	ЕС	ORG	ORG-European-Union
Еврокомиссию	Еврокомиссия	ORG	ORG-European-Commission
Еврокомиссия	Еврокомиссия	ORG	ORG-European-Commission
Европа	Европа	LOC	LOC-Europe
Евросоюза	Евросоюз	ORG	ORG-European-Union
МИД	МИД	ORG	ORG-Foreign-Affairs-France
ПАРИЖ	ПАРИЖ	LOC	GPE-Paris
Париж	Париж	LOC	GPE-Paris
РИА Новости	РИА Новости	ORG	ORG-RIA-Novosti
России	Россия	LOC	GPE-Russia
ФРГ	ФРГ	LOC	GPE-Germany
Франция	Франция	LOC	GPE-France
