ru-46
 Керченский пролив	Керченский пролив	LOC	LOC-Kerch-Strait
Rambler News Service 	Rambler News Service	ORG	ORG-Bibby-Financial-Services
Белгородская обл	Белгородская обл	LOC	LOC-Belgorod-Oblast
Бюхеле	Бюхеле	PER	PER-Wolfgang-Buchele
Владимира Горбенко	Владимир Горбенко	PER	PER-Vladimir-Gorbenko
Вольфганг Бюхеле	Вольфганг Бюхеле	PER	PER-Wolfgang-Buchele
Восточного комитета германской экономики	Восточный комитет германской экономики	ORG	ORG-Committee-on-Eastern-European-Economic-Relations
Восточный комитет германской экономики	Восточный комитет германской экономики	ORG	ORG-Committee-on-Eastern-European-Economic-Relations
Германии 	Германия	LOC	GPE-Germany
Государственной Думы	Государственная Дума	ORG	ORG-State-Duma
Европе	Европа	LOC	LOC-Europe
Европу	Европа	LOC	LOC-Europe
Ирина Яровая	Ирина Яровая	PER	PER-Irina-Yarovaya
Крыма	Крым	LOC	GPE-Crimea
Норд	Норд	PRO	PRO-Nord-The-Ship
России	Россия	LOC	GPE-Russia
СНГ	СНГ	ORG	ORG-The-Commonwealth
СФ	СФ	ORG	ORG-The-Federatio-Council
Северный поток-2	Северный поток-2	PRO	PRO-Nord-Stream-2
Северный поток—2	Северный поток—2	PRO	PRO-Nord-Stream-2
Сибири 	Сибирь	LOC	LOC-Siberia
Украину	Украина	LOC	GPE-Ukraine
Украины 	Украина	LOC	GPE-Ukraine
Украины	Украина	LOC	GPE-Ukraine
Юго-Восточной Европы	Юго-Восточная Европа	LOC	LOC-Southeast-Europe
