ru-ryanair-new-extra-986
«Северного потока — 2»	«Северный поток — 2»	PRO	PRO-Nord-Stream-2
«Северный поток — 2»	«Северный поток — 2»	PRO	PRO-Nord-Stream-2
Ангела Меркель	Ангела Меркель	PER	PER-Angela-Merkel
Балтийского моря	Балтийское море	LOC	LOC-Baltic-Sea
Берлин	Берлин	LOC	GPE-Berlin
Германии	Германия	LOC	GPE-Germany
Германия	Германия	LOC	GPE-Germany
Дирк Визе	Дирк Визе	PER	PER-Dirk-Wiese
ЕС	ЕС	ORG	ORG-European-Union
Европу	Европа	LOC	LOC-Europe
Меркель	Меркель	PER	PER-Angela-Merkel
Польша	Польша	LOC	GPE-Poland
РФ	РФ	LOC	GPE-Russia
Россией	Россия	LOC	GPE-Russia
России	Россия	LOC	GPE-Russia
США	США	LOC	GPE-USA
Украина	Украина	LOC	GPE-Ukraine
Украину	Украина	LOC	GPE-Ukraine
ФРГ	ФРГ	LOC	GPE-Germany
страны Прибалтики	страны Прибалтики	LOC	LOC-Baltic-countries
