ru-ryanair-new-extra-111
Балтийскому морю	Балтийское море	LOC	LOC-Baltic-Sea
Берлин	Берлин	LOC	GPE-Berlin
Берлина	Берлин	LOC	GPE-Berlin
Берлине	Берлин	LOC	GPE-Berlin
Вашингтона	Вашингтон	LOC	GPE-WashingtonDC
Вольфганг Бюхеле	Вольфганг Бюхеле	PER	PER-Wolfgang-Buchele
Восточного комитета немецкой экономики	Восточный комитет немецкой экономики	ORG	ORG-Committee-on-Eastern-European-Economic-Relations
Восточного комитета	Восточный комитет	ORG	ORG-Committee-on-Eastern-European-Economic-Relations
Германии	Германия	LOC	GPE-Germany
Германию	Германия	LOC	GPE-Germany
Дональд Трамп	Дональд Трамп	PER	PER-Donald-Trump
Европе	Европа	LOC	LOC-Europe
Европу	Европа	LOC	LOC-Europe
МИД ФРГ	МИД ФРГ	ORG	ORG-Federal-Foreign-Office-Germany
Маас	Маас	PER	PER-Heiko-Maas
Нидерландах	Нидерланды	LOC	GPE-Holland
Палата представителей Конгресса США	Палата представителей Конгресса США	ORG	ORG-House-of-Representatives(USA)
России	Россия	LOC	GPE-Russia
США	США	LOC	GPE-USA
Северного потока-2	Северный поток-2	PRO	PRO-Nord-Stream-2
Северному потоку-2	Северный поток-2	PRO	PRO-Nord-Stream-2
Северный поток-2	Северный поток-2	PRO	PRO-Nord-Stream-2
Северным потоком	Северный поток	PRO	PRO-Nord-Stream-2
Украину	Украина	LOC	GPE-Ukraine
ФРГ	ФРГ	LOC	GPE-Germany
Хайко Маас	Хайко Маас	PER	PER-Heiko-Maas
