ru-9
Containment	Containment	PRO	PRO-Containment
Countering Russian Influence in Europe and Eurasia Act of 2017	Countering Russian Influence in Europe and Eurasia Act of 2017	PRO	PRO-Countering-Russian-Influence-in-Europe-and-Eurasia-Act-of-2017
Frankfurter Allgemeine Zeitung	Frankfurter Allgemeine Zeitung	PRO	PRO-Frankfurter-Allgemeine-Zeitung
George F. Kennan	George F. Kennan	PER	PER-George-Kennan
Nord Stream 2 AG	Nord Stream 2 AG	ORG	ORG-Nord-Stream-2-AG
Otto Luchterhandt	Otto Luchterhandt	PER	PER-Otto-Luchterhandt
Америка 	Америка	LOC	LOC-America
Америке 	Америка	LOC	LOC-America
Америки	Америка	LOC	LOC-America
Асада 	Асад	PER	PER-Bashar-Assad
Балтийское море	Балтийское море	LOC	LOC-Baltic-Sea
Баренцевом море	Баренцево море	LOC	LOC-The-Barents-Sea
Ближний Восток	Ближний Восток	LOC	LOC-Near-East
Ботнического залива	Ботнический залив	LOC	LOC-Gulf-of-Bothnia
Вашингтона 	Вашингтон	LOC	GPE-WashingtonDC
Выборга	Выборг	LOC	GPE-Vyborg
Газпром	Газпром	ORG	ORG-Gazprom
Генеральной Ассамблеи ООН	Генеральная Ассамблея ООН	ORG	ORG-United-Nations-General-Assembly
Германии 	Германия	LOC	GPE-Germany
Германии	Германия	LOC	GPE-Germany
Германия	Германия	LOC	GPE-Germany
Госдепартамент 	Госдепартамент	ORG	ORG-Department-of-State-USA
Грайфсвальдом	Грайфсвальд	LOC	GPE-Greifswald
Джордж Кеннан	Джордж Кеннан	PER	PER-George-Kennan
ЕС 	ЕС	ORG	ORG-European-Union
ЕС	ЕС	ORG	ORG-European-Union
Еврокомиссии 	Еврокомиссия	ORG	ORG-European-Commission
Европе	Европа	LOC	LOC-Europe
Европу	Европа	LOC	LOC-Europe
Европы 	Европа	LOC	LOC-Europe
Закон о противодействии российскому влиянию в Европе и Евразии 2017 года	Закон о противодействии российскому влиянию в Европе и Евразии 2017 года	PRO	PRO-Countering-Russian-Influence-in-Europe-and-Eurasia-Act-of-2017
Ирана	Иран	LOC	GPE-Iran
Кавказ 	Кавказ	LOC	LOC-Caucasus
Комиссией международного права 	Комиссия международного права	ORG	ORG-International-Law-Commission
Комиссией международного права	Комиссия международного права	ORG	ORG-International-Law-Commission
Конгресс 	Конгресс	ORG	ORG-United-States-Congress
Крым 	Крым	LOC	GPE-Crimea
Крыма 	Крым	LOC	GPE-Crimea
Крыма	Крым	LOC	GPE-Crimea
Крыму	Крым	LOC	GPE-Crimea
Любмин 	Любмин	LOC	GPE-Lubmin
Норд Стрим 2 АГ	Норд Стрим 2 АГ	ORG	ORG-Nord-Stream-2-AG
О противодействии противникам Америки посредством санкций	О противодействии противникам Америки посредством санкций	PRO	PRO-Countering-Americas-Adversaries-Through-Sanctions-Act
ОБСЕ 	ОБСЕ	ORG	ORG-Organization-for-Security-and-Co-operation-in-Europe
ООН 	ООН	ORG	ORG-United-Nations
ООН	ООН	ORG	ORG-United-Nations
Обама	Обама	PER	PER-Barack-Obama
Отто Лухтерхандт	Отто Лухтерхандт	PER	PER-Otto-Luchterhandt
Путина	Путин	PER	PER-Vladimir-Putin
Россией 	Россия	LOC	GPE-Russia
Россией	Россия	LOC	GPE-Russia
России 	Россия	LOC	GPE-Russia
России	Россия	LOC	GPE-Russia
Россию 	Россия	LOC	GPE-Russia
Россия 	Россия	LOC	GPE-Russia
Россия	Россия	LOC	GPE-Russia
СССР	СССР	LOC	GPE-USSR
США	США	LOC	GPE-USA
Северного потока — 2	Северный поток — 2	PRO	PRO-Nord-Stream-2
Северного потока	Северный поток	PRO	PRO-Nord-Stream-2
Северной Кореи	Северная Корея	LOC	GPE-North-Korea
Северном потоке — 2	Северный поток — 2	PRO	PRO-Nord-Stream-2
Северному потоку — 1	Северный поток — 1	PRO	PRO-Nord-Stream-1
Северный поток — 1	Северный поток — 1	PRO	PRO-Nord-Stream-1
Северный поток — 2	Северный поток — 2	PRO	PRO-Nord-Stream-2
Северный поток	Северный поток	PRO	PRO-Nord-Stream-2
Северным потоком — 2	Северный поток — 2	PRO	PRO-Nord-Stream-2
Сирии	Сирия	LOC	GPE-Syria
Соединенные Штаты	Соединенные Штаты	LOC	GPE-USA
Соединенными Штатами	Соединенные Штаты	LOC	GPE-USA
Соединенных Штатах	Соединенные Штаты	LOC	GPE-USA
Трамп 	Трамп	PER	PER-Donald-Trump
Трампу 	Трамп	PER	PER-Donald-Trump
Украине 	Украина	LOC	GPE-Ukraine
Украине	Украина	LOC	GPE-Ukraine
Украины 	Украина	LOC	GPE-Ukraine
Украины	Украина	LOC	GPE-Ukraine
Федеральном правительстве	Федеральное правительство	ORG	ORG-The-Government-of-Russia
Центральную Европу	Центральная Европа	LOC	LOC-Central-Europe
Швейцарии	Швейцария	LOC	GPE-Switzerland
