ru-ryanair-new-extra-628
"Северный поток-2"	"Северный поток-2"	PRO	PRO-Nord-Stream-2
BASF	BASF	ORG	ORG-BASF-Holding
Bloomberg News	Bloomberg News	PRO	PRO-Bloomberg
Bloomberg	Bloomberg	ORG	ORG-Bloomberg-LP
Royal Dutch Shell	Royal Dutch Shell	ORG	ORG-Royal-Dutch-Shell-BG-Group
Wintershall	Wintershall	ORG	ORG-Wintershall
Ангелы Меркель	Ангела Меркель	PER	PER-Angela-Merkel
Германии	Германия	LOC	GPE-Germany
Германия	Германия	LOC	GPE-Germany
Европе	Европа	LOC	LOC-Europe
Европу	Европа	LOC	LOC-Europe
Европы	Европа	LOC	LOC-Europe
Меркель	Меркель	PER	PER-Angela-Merkel
Москве	Москва	LOC	GPE-Moscow
Москвы	Москва	LOC	GPE-Moscow
Ричард Гренелл	Ричард Гренелл	PER	PER-Richard-Grenell
СП-2	СП-2	PRO	PRO-Nord-Stream-2
США	США	LOC	GPE-USA
Северный поток-2	Северный поток-2	PRO	PRO-Nord-Stream-2
Соединенные Штаты	Соединенные Штаты	LOC	GPE-USA
Трампа	Трам	PER	PER-Donald-Trump
Украины	Украина	LOC	GPE-Ukraine
Штатов	Штаты	LOC	GPE-USA
