ru-3
Nord Stream 2	Nord Stream 2	ORG	ORG-Nord-Stream-2-AG
Nord Stream 2	Nord Stream 2	PRO	PRO-Nord-Stream-2
Австрии	Австрия	LOC	GPE-Austria
Австрию	Австрия	LOC	GPE-Austria
Александра Романюк	Александра Романюк	PER	PER-Aleksandra-Romanyuk
Ангела Меркель	Ангела Меркель	PER	PER-Angela-Merkel
Андрей Коболев	Андрей Коболев	PER	PER-Andrey-Kobolev
Апеннины 	Апеннины	LOC	LOC-Appenine-Mountains
Балтии	Балтия	LOC	LOC-Baltic-countries
Балтийского моря	Балтийское море	LOC	LOC-Baltic-Sea
Беларусь	Беларусь	LOC	GPE-Belarus
Болгария	Болгария	LOC	GPE-Bulgaria
Братство	Братство	PRO	PRO-Urengoy–Pomary–Uzhhorod-pipeline
Брюсселе 	Брюссель	LOC	GPE-Brussles
Венгрию 	Венгрия	LOC	GPE-Hungary
Газпром	Газпром	ORG	ORG-Gazprom
Газпрома	Газпром	ORG	ORG-Gazprom
Германии 	Германия	LOC	GPE-Germany
Германии	Германия	LOC	GPE-Germany
Германию 	Германия	LOC	GPE-Germany
Германию	Германия	LOC	GPE-Germany
Германия 	Германия	LOC	GPE-Germany
Герхард Шредер	Герхард Шредер	PER	PER-Gerhard-Fritz-Kurt-Schröder
Голубой поток	Голубой поток	ORG	ORG-Blue-Stream-Pipeline-Company-B.V.
Дании 	Дания	LOC	GPE-Denmark
Дания	Дания	LOC	GPE-Denmark
ЕС 	ЕС	ORG	ORG-European-Union
ЕС	ЕС	ORG	ORG-European-Union
Европа 	Европа	LOC	LOC-Europe
Европе 	Европа	LOC	LOC-Europe
Европе	Европа	LOC	LOC-Europe
Европой 	Европа	LOC	LOC-Europe
Европу 	Европа	LOC	LOC-Europe
Европу	Европа	LOC	LOC-Europe
Евросоюз 	Евросоюз	ORG	ORG-European-Union
Западную Европу	Западная Европа	LOC	LOC-Western-Europe
Италию	Италия	LOC	GPE-Italy
Ларс Расмуссен	Ларс Расмуссен	PER	PER-Lars-Lokke
Марош Шефчович	Марош Шефчович	PER	PER-Maros-Sefcovic
Молдову 	Молдова	LOC	GPE-Moldova
Нафтогаз	Нафтогаз	ORG	ORG-Naftogaz
Нафтогаза	Нафтогаз	ORG	ORG-Naftogaz
Нидерланды 	Нидерланды	LOC	GPE-Holland
Норд стрим – 1	Норд стрим – 1	PRO	PRO-Nord-Stream-1
Польша 	Польша	LOC	GPE-Poland
Польше 	Польша	LOC	GPE-Poland
Польшу 	Польшу	LOC	GPE-Poland
Прибалтике 	Прибалтика	LOC	LOC-Baltic-countries
Путина	Путин	PER	PER-Vladimir-Putin
Россией 	Россия	LOC	GPE-Russia
Россией	Россия	LOC	GPE-Russia
России 	Россия	LOC	GPE-Russia
России	Россия	LOC	GPE-Russia
Россия 	Россия	LOC	GPE-Russia
Румынию 	Румыния	LOC	GPE-Romania
США 	США	LOC	GPE-USA
США	США	LOC	GPE-USA
Северного потока – 1	Северный поток – 1	PRO	PRO-Nord-Stream-1
Северного потока – 2	Северный поток – 2	PRO	PRO-Nord-Stream-2
Северном потоке – 2	Северный поток – 2	PRO	PRO-Nord-Stream-2
Северный поток – 2	Северный поток – 2	PRO	PRO-Nord-Stream-2
Северным потоком	Северный поток	PRO	PRO-Nord-Stream-2
Словакии	Словакия	LOC	GPE-Slovakia
Стокгольмском арбитражном суде	Стокгольмский арбитражный суд	ORG	ORG-Stockholm-Chamber-of-Commerce
Стокгольмском суде	Стокгольмский суд	ORG	ORG-Stockholm-Chamber-of-Commerce
Турецкого потока	Турецкий поток	PRO	PRO-Turkish-Stream
Турцию	Турция	LOC	GPE-Turkey
Украина 	Украина	LOC	GPE-Ukraine
Украине 	Украина	LOC	GPE-Ukraine
Украиной 	Украина	LOC	GPE-Ukraine
Украиной	Украина	LOC	GPE-Ukraine
Украину 	Украина	LOC	GPE-Ukraine
Украину	Украина	LOC	GPE-Ukraine
Украины 	Украина	LOC	GPE-Ukraine
Украины	Украина	LOC	GPE-Ukraine
Уренгой – Помары – Ужгород	Уренгой – Помары – Ужгород	PRO	PRO-Urengoy–Pomary–Uzhhorod-pipeline
Финляндия 	Финляндия	LOC	GPE-Finland
Финского залива	Финский залив	LOC	LOC-Gulf-of-Finland
Франция 	Франция	LOC	GPE-France
Черного моря 	Черное море	LOC	LOC-Black-Sea
Швейцарии 	Швейцария	LOC	GPE-Switzerland
Швеция 	Швеция	LOC	GPE-Sweden
Швеция	Швеция	LOC	GPE-Sweden
Энергетической хартии	Энергетическая хартия	PRO	PRO-Energy-Charter-Treaty
Южной Европы	Южная Европа	LOC	LOC-Southern-Europe
Южную Европу	Южная Европа	LOC	LOC-Southern-Europe
Ямал – Европа	Ямал – Европа	PRO	PRO-Yamal–Europe-pipeline
потока – 2	поток – 2	PRO	PRO-Nord-Stream-2
северных потоков	северный поток	PRO	PRO-Nord-Stream-2
