ru-ryanair-new-extra-113
"Газпром"	"Газпром"	ORG	ORG-Gazprom
"Северного потока-2"	"Северный поток-2"	PRO	PRO-Nord-Stream-2
"Северный поток-2"	"Северный поток-2"	PRO	PRO-Nord-Stream-2
Engie	Engie	ORG	ORG-Engie
OMV	OMV	ORG	ORG-OMV
Reuters	Reuters	ORG	ORG-Reuters
Shell	Shell	ORG	ORG-Royal-Dutch-Shell-BG-Group
Uniper	Uniper	ORG	ORG-Uniper
Wintershall	Wintershall	ORG	ORG-Wintershall
Балтийского моря	Балтийское море	LOC	LOC-Baltic-Sea
Берлин	Берлин	LOC	GPE-Berlin
Берлине	Берлин	LOC	GPE-Berlin
Бюхеле	Бюхеле	PER	PER-Wolfgang-Buchele
Вашингтона	Вашингтон	LOC	GPE-WashingtonDC
Вольфганг Бюхеле (Wolfgang Büchele)	Вольфганг Бюхеле (Wolfgang Büchele)	PER	PER-Wolfgang-Buchele
Гайко Маас (Heiko Maas)	Гайко Маас (Heiko Maas)	PER	PER-Heiko-Maas
Гайко Маас	Гайко Маас	PER	PER-Heiko-Maas
Германии	Германия	LOC	GPE-Germany
ЕС	ЕС	ORG	ORG-European-Union
Европе	Европа	LOC	LOC-Europe
Европу	Европа	LOC	LOC-Europe
МИД Германии	МИД Германии	ORG	ORG-Ministry-of-Foreign-Affairs-Germany
Маас	Маас	PER	PER-Heiko-Maas
Польша	Польша	LOC	GPE-Poland
России	Россия	LOC	GPE-Russia
США	США	LOC	GPE-USA
Украины	Украина	LOC	GPE-Ukraine
страны Балтии	страны Балтии	LOC	LOC-Baltic-countries
