ru-ryanair-new-extra-124
Engie SA	Engie SA	ORG	ORG-Engie
OMV AG	OMV AG	ORG	ORG-OMV
Royal Dutch Shell Plc	Royal Dutch Shell Plc	ORG	ORG-Royal-Dutch-Shell-BG-Group
Uniper SE	Uniper SE	ORG	ORG-Uniper
Wintershall AG	Wintershall AG	ORG	ORG-BASF-Wintershall
Австрия	Австрия	LOC	GPE-Austria
Балтийское море	Балтийское море	LOC	LOC-Baltic-Sea
Берлин	Берлин	LOC	GPE-Berlin
Британия	Британия	LOC	GPE-Great-Britain
Брюссель	Брюссель	LOC	GPE-Brussles
Вашингтон	Вашингтон	LOC	GPE-WashingtonDC
Владимир Путин	Владимир Путин	PER	PER-Vladimir-Putin
Вольфганг Бюхель	Вольфганг Бюхель	PER	PER-Wolfgang-Buchele
Восточного комитета немецкой экономики	Восточный комитет немецкой экономики	ORG	ORG-Committee-on-Eastern-European-Economic-Relations
Газпрома	Газпром	ORG	ORG-Gazprom
Газпрому	Газпром	ORG	ORG-Gazprom
Германии	Германия	LOC	GPE-Germany
Европе	Европа	LOC	LOC-Europe
Европу	Европа	LOC	LOC-Europe
МИД ФРГ	МИД ФРГ	ORG	ORG-Federal-Foreign-Office-Germany
Маас	Маас	PER	PER-Heiko-Maas
РФ	РФ	LOC	GPE-Russia
СП-2	СП-2	PRO	PRO-Nord-Stream-2
США	США	LOC	GPE-USA
Северному потоку-2	Северный поток-2	PRO	PRO-Nord-Stream-2
Северный поток-2	Северный поток-2	PRO	PRO-Nord-Stream-2
Украина	Украина	LOC	GPE-Ukraine
Украину	Украина	LOC	GPE-Ukraine
Украины	Украина	LOC	GPE-Ukraine
ФРГ	ФРГ	LOC	GPE-Germany
Франция	Франция	LOC	GPE-France
Хайко Маас	Хайко Маас	PER	PER-Heiko-Maas
