ru-22
Nord Stream 2 AG	Nord Stream 2 AG	ORG	ORG-Nord-Stream-2-AG
Александр Грушко	Александр Грушко	PER	PER-Alexander-Grushko
Америка 	Америка	LOC	GPE-USA
Балтийского моря	Балтийское море	LOC	LOC-Baltic-Sea
Берлин	Берлин	LOC	GPE-Berlin
Газета.ru	Газета.ru	PRO	PRO-Gazeta-ru
Германии 	Германия	LOC	GPE-Germany
Германии	Германия	LOC	GPE-Germany
Германию 	Германия	LOC	GPE-Germany
Грушко 	Грушко	PER	PER-Alexander-Grushko
Грушко	Грушко	PER	PER-Alexander-Grushko
Дании 	Дания	LOC	GPE-Denmark
Дании	Дания	LOC	GPE-Denmark
ЕС 	ЕС	ORG	ORG-European-Union
ЕС	ЕС	ORG	ORG-European-Union
Европу 	Европа	LOC	LOC-Europe
Латвия	Латвия	LOC	GPE-Latvia
Литва 	Литва	LOC	GPE-Lithuania
МИД 	МИД	ORG	ORG-Ministry-of-Foreign-Affairs-Russia
МИД РФ	МИД РФ	ORG	ORG-Ministry-of-Foreign-Affairs-Russia
Нордового потока-2	Нордовый поток-2	PRO	PRO-Nord-Stream-2
Польша 	Польша	LOC	GPE-Poland
РФ 	РФ	LOC	GPE-Russia
РФ	РФ	LOC	GPE-Russia
Россией	Россия	LOC	GPE-Russia
Российской Федерации	Российская Федерация	LOC	GPE-Russia
США 	США	LOC	GPE-USA
США	США	LOC	GPE-USA
Северного потока — 2	Северный поток — 2	PRO	PRO-Nord-Stream-2
Северный поток — 2	Северный поток — 2	PRO	PRO-Nord-Stream-2
Трампа	Трамп	PER	PER-Donald-Trump
Украина	Украина	LOC	GPE-Ukraine
УтроNews	УтроNews	ORG	ORG-Utro-News
Финляндии	Финляндия	LOC	GPE-Finland
Швеции	Швеция	LOC	GPE-Sweden
соедененных штатов	соедененные штаты	LOC	GPE-USA
