ru-ryanair-new-extra-996
"Северного потока - 2"	"Северный поток - 2"	PRO	PRO-Nord-Stream-2
"Северного потока"	"Северный поток"	PRO	PRO-Nord-Stream-1
"Северному потоку - 2"	"Северный поток - 2"	PRO	PRO-Nord-Stream-2
"Северный поток - 2"	"Северный поток - 2"	PRO	PRO-Nord-Stream-2
"Северный поток – 2"	"Северный поток – 2"	PRO	PRO-Nord-Stream-2
"Северным потоком – 2" 	"Северный поток – 2"	PRO	PRO-Nord-Stream-2
Reuters	Reuters	ORG	ORG-Reuters
Балтийского моря	Балтийское море	LOC	LOC-Baltic-Sea
Берлин	Берлин	LOC	GPE-Berlin
Германии	Германия	LOC	GPE-Germany
Германию	Германия	LOC	GPE-Germany
ЕС	ЕС	ORG	ORG-European-Union
Европейской комиссии	Европейская комиссия	ORG	ORG-European-Commission
Евросоюза		ORG	ORG-European-Union
МИД Франции	МИД Франции	ORG	ORG-Ministry-of-Foreign-Affairs-France
Парижа	Париж	LOC	GPE-Paris
России	Россия	LOC	GPE-Russia
Украину	Украина	LOC	GPE-Ukraine
Франции	Франция	LOC	GPE-France
Франция	Франция	LOC	GPE-France
