ru-ryanair-new-extra-114
"Газпром"	"Газпром"	ORG	ORG-Gazprom
"Северный поток-2"	"Северный поток-2"	PRO	PRO-Nord-Stream-2
Engie	Engie	ORG	ORG-Engie
OMV AG	OMV AG	ORG	ORG-OMV
Royal Dutch Shell	Royal Dutch Shell	ORG	ORG-Royal-Dutch-Shell-BG-Group
Uniper	Uniper	ORG	ORG-Uniper
Wintershall	Wintershall	ORG	ORG-Wintershall
Балтийского моря	Балтийское море	LOC	LOC-Baltic-Sea
Балтийское море	Балтийское море	LOC	LOC-Baltic-Sea
Берлина	Берлин	LOC	GPE-Berlin
Германии	Германия	LOC	GPE-Germany
Германию	Германия	LOC	GPE-Germany
Дональд Трамп	Дональд Трамп	PER	PER-Donald-Trump
Европе	Европа	LOC	LOC-Europe
ИА "Рейтер"	ИА "Рейтер"	ORG	ORG-Reuters
МИД ФРГ	МИД ФРГ	ORG	ORG-Federal-Foreign-Office-Germany
Польша	Польша	LOC	GPE-Poland
России	Россия	LOC	GPE-Russia
США	США	LOC	GPE-USA
Украина	Украина	LOC	GPE-Ukraine
Хайко Маас	Хайко Маас	PER	PER-Heiko-Maas
страны Балтии	страны Балтии	LOC	LOC-Baltic-countries
