ru-ryanair-new-extra-126
Allseas	Allseas	ORG	ORG-Allseas
Saipem	Saipem	ORG	ORG-Saipem
«Северного потока-2»	«Северный поток-2»	PRO	PRO-Nord-Stream-2
«Северный поток – 2»	«Северный поток – 2»	PRO	PRO-Nord-Stream-2
«Северный поток-2»	«Северный поток-2»	PRO	PRO-Nord-Stream-2
Берлин	Берлин	LOC	GPE-Berlin
Берлине	Берлин	LOC	GPE-Berlin
Восточного комитета Германской экономики	Восточный комитет Германской экономики	ORG	ORG-Committee-on-Eastern-European-Economic-Relations
Германии	Германия	LOC	GPE-Germany
Германию	Германия	LOC	GPE-Germany
Германия	Германия	LOC	GPE-Germany
Еврокомиссия	Еврокомиссия	ORG	ORG-European-Commission
Европе	Европа	LOC	LOC-Europe
МИД ФРГ	МИД ФРГ	ORG	ORG-Federal-Foreign-Office-Germany
Россией	Россия	LOC	GPE-Russia
России	Россия	LOC	GPE-Russia
США	США	LOC	GPE-USA
Украиной	Украина	LOC	GPE-Ukraine
Хайко Маас	Хайко Маас	PER	PER-Heiko-Maas
