ru-ryanair-new-extra-103
"Северного потока-2"	"Северный поток-2"	PRO	PRO-Nord-Stream-2
"Северный поток-2"	"Северный поток-2"	PRO	PRO-Nord-Stream-2
Берлин	Берлин	LOC	GPE-Berlin
Берлине	Берлин	LOC	GPE-Berlin
Вашингтона	Вашингтон	LOC	GPE-WashingtonDC
Вольфганг Бюхеле	Вольфганг Бюхеле	PER	PER-Wolfgang-Buchele
Восточного комитета немецкой экономики	Восточный комитет немецкой экономики	ORG	ORG-Committee-on-Eastern-European-Economic-Relations
Восточного комитета	Восточный комитет	ORG	ORG-Committee-on-Eastern-European-Economic-Relations
Германию	Германия	LOC	GPE-Germany
Европарламента	Европарламент	ORG	ORG-European-Parlament
Европе	Европа	LOC	LOC-Europe
Европу	Европа	LOC	LOC-Europe
МИД Германии	МИД Германии	ORG	ORG-Ministry-of-Foreign-Affairs-Germany
МИД ФРГ	МИД ФРГ	ORG	ORG-Federal-Foreign-Office-Germany
МИД ФРН	МИД ФРН	ORG	ORG-Federal-Foreign-Office-Germany
Маас	Маас	PER	PER-Heiko-Maas
Нидерландах	Нидерланды	LOC	GPE-Holland
РФ	РФ	LOC	GPE-Russia
России	Россия	LOC	GPE-Russia
США	США	LOC	GPE-USA
Украину	Украина	LOC	GPE-Ukraine
Хайко Маас	Хайко Маас	PER	PER-Heiko-Maas
