ru-ryanair-new-extra-137
Handelsblatt	Handelsblatt	PRO	PRO-Handelsblatt
«Северный поток — 2»	«Северный поток — 2»	PRO	PRO-Nord-Stream-2
Австрия	Австрия	LOC	GPE-Austria
Германии	Германия	LOC	GPE-Germany
Германия	Германия	LOC	GPE-Germany
ЕС	ЕС	ORG	ORG-European-Union
Еврокомиссия	Еврокомиссия	ORG	ORG-European-Commission
Европейская комиссия	Европейская комиссия	ORG	ORG-European-Commission
МИД Польши	МИД Польши	ORG	ORG-Ministry-of-Foreign-Affairs-Poland
Польша	Польша	LOC	GPE-Poland
Польше	Польша	LOC	GPE-Poland
США	США	LOC	GPE-USA
Северного потока 2	Северный поток 2	PRO	PRO-Nord-Stream-2
Северный поток 2	Северный поток 2	PRO	PRO-Nord-Stream-2
Северный поток 2“	Северный поток 2“	PRO	PRO-Nord-Stream-2
Северным потоком 2“	Северный поток 2“	PRO	PRO-Nord-Stream-2
Украину	Украина	LOC	GPE-Ukraine
Чапутович	Чапутович	PER	PER-Jacek-Czaputowicz
Яцек Чапутович	Яцек Чапутович	PER	PER-Jacek-Czaputowicz
