ru-ryanair-new-extra-629
"Россия—1"	"Россия—1"	PRO	PRO-Russia-1-TV
"Северного потока – 2"	"Северный поток – 2"	PRO	PRO-Nord-Stream-2
"Северный поток — 2"	"Северный поток — 2"	PRO	PRO-Nord-Stream-2
"Северный поток-2"	"Северный поток-2"	PRO	PRO-Nord-Stream-2
Адебар	Адебар	PER	PER-Maria-Adebar
Ангела Меркель	Ангела Меркель	PER	PER-Angela-Merkel
Берлин	Берлин	LOC	GPE-Berlin
Вашингтоне	Вашингтон	LOC	GPE-WashingtonDC
Германии	Германия	LOC	GPE-Germany
Германия	Германия	LOC	GPE-Germany
Греннел	Греннел	PER	PER-Richard-Grenell
Захарова	Захарова	PER	PER-Maria-Zaharova
МИД России	МИД России	ORG	ORG-Ministry-of-Foreign-Affairs-Russia
МИД ФРГ	МИД ФРГ	ORG	ORG-Federal-Foreign-Office-Germany
МОСКВА	МОСКВА	LOC	GPE-Moscow
Мария Адебар	Мария Адебар	PER	PER-Maria-Adebar
Мария Захарова	Мария Захарова	PER	PER-Maria-Zaharova
РИА Новости	РИА Новости	ORG	ORG-RIA-Novosti
Ричарда Греннела	Ричард Греннел	PER	PER-Richard-Grenell
России	Россия	LOC	GPE-Russia
США	США	LOC	GPE-USA
Соединенных Штатов	Соединенные Штаты	LOC	GPE-USA
Украину	Украина	LOC	GPE-Ukraine
