ru-ryanair-new-extra-120
"Северного потока-2 "	"Северный поток-2 "	PRO	PRO-Nord-Stream-2
"Северного потока-2"	"Северный поток-2"	PRO	PRO-Nord-Stream-2
"Северный поток-2 "	"Северный поток-2 "	PRO	PRO-Nord-Stream-2
DW	DW	PRO	PRO-Deutsche-Welle
ONLINE.UA	ONLINE.UA	PRO	PRO-ONLINE-UA
Берлин	Берлин	LOC	GPE-Berlin
Вашингтона	Вашингтон	LOC	GPE-WashingtonDC
Гайко Маас	Гайко Маас	PER	PER-Heiko-Maas
Германия	Германия	LOC	GPE-Germany
Европе	Европа	LOC	LOC-Europe
Киев	Киев	LOC	GPE-Kiev
Кремле	Кремль	LOC	LOC-Kremlin
МИД ФРГ	МИД ФРГ	ORG	ORG-Federal-Foreign-Office-Germany
Маас	Маас	PER	PER-Heiko-Maas
Матеуш Моравецкий	Матеуш Моравецкий	PER	PER-Mateusz-Morawiecki
Моравецкого	Моравецкий	PER	PER-Mateusz-Morawiecki
Польши	Польша	LOC	GPE-Poland
Путина	Путин	PER	PER-Vladimir-Putin
РФ	РФ	LOC	GPE-Russia
России	Россия	LOC	GPE-Russia
США	США	LOC	GPE-USA
Украину	Украина	LOC	GPE-Ukraine
ФРГ	ФРГ	LOC	GPE-Germany
