ru-43
Австрии	Австрия	LOC	GPE-Austria
Австрия	Австрия	LOC	GPE-Austria
Америке 	Америка	LOC	LOC-America
Америки 	Америка	LOC	LOC-America
Европа	Европа	LOC	LOC-Europe
Европе 	Европа	LOC	LOC-Europe
Израиль	Израиль	LOC	GPE-Israel
Италией	Италия	LOC	GPE-Italy
Китай 	Китай	LOC	GPE-China
Китай	Китай	LOC	GPE-China
Меркель 	Меркель	PER	PER-Angela-Merkel
Москвы	Москва	LOC	GPE-Moscow
Мюнхен 	Мюнхен	LOC	GPE-München
Норд Стрим 2	Норд Стрим 2	PRO	PRO-Nord-Stream-2
Обозревателе	Обозреватель	ORG	ORG-Obozrevatel
России 	Россия	LOC	GPE-Russia
США 	США	LOC	GPE-USA
Трамп 	Трамп	PER	PER-Donald-Trump
Трамп	Трамп	PER	PER-Donald-Trump
Трампа 	Трамп	PER	PER-Donald-Trump
