ru-ryanair-new-extra-55
Allseas	Allseas	ORG	ORG-Allseas
Handelsblatt	Handelsblatt	PRO	PRO-Handelsblatt
Saipem	Saipem	ORG	ORG-Saipem
«Газпрома»	«Газпром»	ORG	ORG-Gazprom
«Северного потока – 2»	«Северный поток – 2»	PRO	PRO-Nord-Stream-2
«Северному потоку – 2»	«Северный поток – 2»	PRO	PRO-Nord-Stream-2
«Северный поток – 2»	«Северный поток – 2»	PRO	PRO-Nord-Stream-2
Алексей Миллер	Алексей Миллер	PER	PER-Aleksey-Miller
Балтийского моря	Балтийское море	LOC	LOC-Baltic-Sea
Берлине	Берлин	LOC	GPE-Berlin
Вашингтона	Вашингтон	LOC	GPE-WashingtonDC
Германии	Германия	LOC	GPE-Germany
Европе	Европа	LOC	LOC-Europe
Европу	Европа	LOC	LOC-Europe
Латвия	Латвия	LOC	GPE-Latvia
Литва	Литва	LOC	GPE-Lithuania
Польша	Польша	LOC	GPE-Poland
Ричард Гренель	Ричард Гренель	PER	PER-Richard-Grenell
России	Россия	LOC	GPE-Russia
США	США	LOC	GPE-USA
Украина	Украина	LOC	GPE-Ukraine
