ru-ryanair-new-extra-983
Deutsche Welle	Deutsche Welle	PRO	PRO-Deutsche-Welle
«Северного потока — 2»	«Северный поток — 2»	PRO	PRO-Nord-Stream-2
Балтийского моря	Балтийское море	LOC	LOC-Baltic-Sea
Берлине	Берлин	LOC	GPE-Berlin
Германии	Германия	LOC	GPE-Germany
Гордона Сондленда	Гордон Сондленд	PER	PER-Gordon-Sondland
Дании	Дания	LOC	GPE-Denmark
ЕС	ЕС	ORG	ORG-European-Union
Европе	Европа	LOC	LOC-Europe
Европу	Европа	LOC	LOC-Europe
Европы	Европа	LOC	LOC-Europe
Евросоюзе	Евросоюз	ORG	ORG-European-Union
Карлы Сэндс	Карла Сэндс	PER	PER-Carl-Sands
Москве	Москва	LOC	GPE-Moscow
Ричард Гренелл	Ричард Гренелл	PER	PER-Richard-Grenell
Ричарда Гренелла	Ричард Гренелл	PER	PER-Richard-Grenell
США	США	LOC	GPE-USA
Северного потока 2	Северный поток 2	PRO	PRO-Nord-Stream-2
Северный поток 2	Северный поток 2	PRO	PRO-Nord-Stream-2
Северным потоком 2	Северный поток 2	PRO	PRO-Nord-Stream-2
Украины	Украина	LOC	GPE-Ukraine
ФРГ	ФРГ	LOC	GPE-Germany
Франция	Франция	LOC	GPE-France
газовую директиву третьего энергетического пакета	газовая директива третьего энергетического пакета	PRO	PRO-Gas-Directive-EU
