ru-47
Apple 	Apple	ORG	ORG-Apple
Nord Stream 2	Nord Stream 2	PRO	PRO-Nord-Stream-2
Reuters 	Reuters	ORG	ORG-Reuters
А. Кубилюс	А. Кубилюс	PER	PER-Andrius-Kubilius
Андрюс Кубилюс	Андрюс Кубилюс	PER	PER-Andrius-Kubilius
Брюссель 	Брюссель	LOC	GPE-Brussles
Газпром	Газпром	ORG	ORG-Gazprom
Газпрома	Газпром	ORG	ORG-Gazprom
Газпромом	Газпром	ORG	ORG-Gazprom
Газпрому	Газпром	ORG	ORG-Gazprom
ЕК 	ЕК	ORG	ORG-European-Commission
Литва 	Литва	LOC	GPE-Lithuania
Литвы 	Литва	LOC	GPE-Lithuania
Литвы	Литва	LOC	GPE-Lithuania
М. Вестагер	М. Вестагер	PER	PER-Margrethe-Vestager
Маргрете Вестагер	Маргрете Вестагер	PER	PER-Margrethe-Vestager
С. Сквернялис	С. Сквернялис	PER	PER-Saulius-Skvernelis
Северный поток - 2	Северный поток - 2	PRO	PRO-Nord-Stream-2
Сейме	Сейм	ORG	ORG-Saeima-Latvia
