ru-209
 BSPC	BSPC	ORG	ORG-BSPC-Company
 Окружного суда города Амстердама	Окружного суда города Амстердама	ORG	ORG-Amsterdam-District-Court
Blue Stream Pipeline Company B.V.	Blue Stream Pipeline Company B.V.	ORG	ORG-Alphabet-company
Eni	Eni	ORG	ORG-Eni
Англии	Англия	LOC	GPE-Great-Britain
Арбитраже Стокгольма	Арбитраже Стокгольма	ORG	ORG-Stockholm-Chamber-of-Commerce
Береговая	Береговая	LOC	LOC-Beregovaya-Compressor-Station
Блю Стрим Пайплайн Компани Б.В.	Блю Стрим Пайплайн Компани Б.В.	ORG	ORG-Blue-Stream-Pipeline-Company-B.V.
Газпром	Газпром	ORG	ORG-Gazprom
Газпрома	Газпром	ORG	ORG-Gazprom
Газпромом	Газпром	ORG	ORG-Gazprom
Газпрому	Газпром	ORG	ORG-Gazprom
Голубого потока	Голубой поток	PRO	PRO-Blue-Stream
Голубой поток	Голубой поток	ORG	ORG-Blue-Stream-Pipeline-Company-B.V.
Голубой поток	Голубой поток	PRO	PRO-Blue-Stream
Нафтогаз Украины	Нафтогаз Украины	ORG	ORG-Naftogaz
Нафтогаз	Нафтогаз	ORG	ORG-Naftogaz
Нафтогаза	Нафтогаз	ORG	ORG-Naftogaz
Нафтогазом	Нафтогаз	ORG	ORG-Naftogaz
Нафтогазом	Нафтогазом	ORG	ORG-Naftogaz
Нидерландах 	Нидерланды	LOC	GPE-Holland
Нидерландах	Нидерланды	LOC	GPE-Holland
Окружной суд Амстердама 	Окружной суд Амстердама	ORG	ORG-Amsterdam-District-Court
Окружным судом Амстердама 	Окружной суд Амстердам	ORG	ORG-Amsterdam-District-Court
России 	Россия	LOC	GPE-Russia
Северный поток-1	Северный поток-1	PRO	PRO-Nord-Stream-1
Северный поток-2	Северный поток-2	PRO	PRO-Nord-Stream-2
Стокгольмский арбитраж 	Стокгольмский арбитраж	ORG	ORG-Stockholm-Chamber-of-Commerce
Стокгольмском арбитраже	Стокгольмский арбитраж	ORG	ORG-Stockholm-Chamber-of-Commerce
Турцию	Турция	LOC	GPE-Turkey
УНИАН	УНИАН	ORG	ORG-UNIAN
Украиной 	Украина	LOC	GPE-Ukraine
Швейцарии 	Швейцария	LOC	GPE-Switzerland
