ru-ryanair-new-extra-131
"Северный поток-2"	"Северный поток-2"	PRO	PRO-Nord-Stream-2
"Северным потоком"	"Северный поток"	PRO	PRO-Nord-Stream-1
Берлин	Берлин	LOC	GPE-Berlin
Германии	Германия	LOC	GPE-Germany
Германия	Германия	LOC	GPE-Germany
ЕС	ЕС	ORG	ORG-European-Union
Европейская комиссия	Европейская комиссия	ORG	ORG-European-Commission
Министерства иностранных дел Польши	Министерство иностранных дел Польши	ORG	ORG-Ministry-of-Foreign-Affairs-Poland
ООН	ООН	ORG	ORG-United-Nations
Польша	Польша	LOC	GPE-Poland
Польши	Польша	LOC	GPE-Poland
Россией	Россия	LOC	GPE-Russia
России	Россия	LOC	GPE-Russia
США	США	LOC	GPE-USA
Украине	Украина	LOC	GPE-Ukraine
Украиной	Украина	LOC	GPE-Ukraine
Украину	Украина	LOC	GPE-Ukraine
Украины	Украина	LOC	GPE-Ukraine
Чапутович	Чапутович	PER	PER-Jacek-Czaputowicz
Яцек Чапутович	Яцек Чапутович	PER	PER-Jacek-Czaputowicz
