ru-16
 Народный фронт	Народный фронт	ORG	ORG-All-Russia-Peoples-Front
 Федерального ведомства по судоходству и гидрографии Германии	Федеральное ведомство по судоходству и гидрографии Германии	ORG	ORG-Federal-Office-for-Shipping-and-Hydrography-Germany
BSH 	BSH	ORG	ORG-Federal-Office-for-Shipping-and-Hydrography-Germany
BSH	BSH	ORG	ORG-Federal-Office-for-Shipping-and-Hydrography-Germany
Engie	Engie	ORG	ORG-Engie
Nord Stream 2 AG	Nord Stream 2 AG	ORG	ORG-Nord-Stream-2-AG
Nord Stream II	Nord Stream II	PRO	PRO-Blue-Stream
OMV	OMV	ORG	ORG-OMV
REGNUM 	REGNUM	ORG	ORG-REGNUM-News-Agency
Shell	Shell	ORG	ORG-Royal-Dutch-Shell-BG-Group
Uniper 	Uniper	ORG	ORG-Uniper
Wintershall	Wintershall	ORG	ORG-Wintershall
Андрей Парубий	Андрей Парубий	PER	PER-Andriy-Parubiy
Арсения Яценюка	Арсений Яценюк	PER	PER-Arseniy-Yatsenyuk
Артур Герасимов	Артур Герасимов	PER	PER-Arthur-Gerasimov
БПП	БПП	ORG	ORG-Petro-Poroshenko-Solidarity-Party
Балтийское море	Балтийское море	LOC	LOC-Baltic-Sea
Болгарию	Болгария	LOC	GPE-Bulgaria
Бурбак 	Бурбак	PER	PER-Maksym-Burbak
Бурбак	Бурбак	PER	PER-Maksym-Burbak
Газпром 	Газпром	ORG	ORG-Gazprom
Газпрома 	Газпром	ORG	ORG-Gazprom
Газпрома 	Газпрома	ORG	ORG-Gazprom
Газпроме	Газпром	ORG	ORG-Gazprom
Газпромом 	Газпром	ORG	ORG-Gazprom
Газпромом	Газпром	ORG	ORG-Gazprom
Газпрому 	Газпром	ORG	ORG-Gazprom
Герасимов	Герасимов	PER	PER-Arthur-Gerasimov
Германии 	Германия	LOC	GPE-Germany
ЕС 	ЕС	ORG	ORG-European-Union
ЕС	ЕС	ORG	ORG-European-Union
Еврокомиссией	Еврокомиссия	ORG	ORG-European-Commission
Европу	Европа	LOC	LOC-Europe
Европы 	Европа	LOC	LOC-Europe
Европы	Европа	LOC	LOC-Europe
Кремля 	Кремль	LOC	LOC-Kremlin
Кремля	Кремль	LOC	LOC-Kremlin
Латвии	Латвия	LOC	GPE-Latvia
Литвы	Литва	LOC	GPE-Lithuania
Максим Бурбак	Максим Бурбак	PER	PER-Maksym-Burbak
Михаил Розин	Михаил Розин	PER	PER-Michail-Rozin
Молдавией	Молдавия	LOC	GPE-Moldova
Молдове	Молдова	LOC	GPE-Moldova
Молдовы	Молдова	LOC	GPE-Moldova
Моника Браух-Мориц	Моника Браух-Мориц	PER	PER-Monica-Brauch-Moriz
Норд стрим-2	Норд стрим-2	PRO	PRO-Nord-Stream-2
Ол ег Хавич	Олег Хавич	PER	PER-Oleg-Havich
Парубий 	Парубий	PER	PER-Andriy-Parubiy
Петра Порошенко	Петр Порошенко	PER	PER-Petro-Poroshenko
Польши	Польша	LOC	GPE-Poland
Приднестровья	Приднестровье	LOC	LOC-Transnistria
РФ 	РФ	LOC	GPE-Russia
Рады 	Рада	ORG	ORG-Verkhovna-Rada
Розин 	Розин	PER	PER-Michail-Rozin
России 	Россия	LOC	GPE-Russia
Россию 	Россия	LOC	GPE-Russia
Румынию 	Румыния	LOC	GPE-Romania
США 	США	LOC	GPE-USA
Северного потока-1	Северный поток-1	PRO	PRO-Nord-Stream-1
Северного потока-2	Северный поток-2	PRO	PRO-Nord-Stream-2
Северного потока	Северный поток	PRO	PRO-Nord-Stream-2
Северном потоке-1	Северный поток-1	PRO	PRO-Nord-Stream-1
Северный поток 	Северный поток	PRO	PRO-Nord-Stream-2
Северный поток-2 	Северный поток-2	PRO	PRO-Nord-Stream-2
Северный поток-2	Северный поток-2	PRO	PRO-Nord-Stream-2
Сумской границе	Сумская граница	LOC	LOC-Sumy-Oblast
Турецкий поток	Турецкий поток	PRO	PRO-Turkish-Stream
Турецкого потока	Турецкий поток	PRO	PRO-Turkish-Stream
Турцию	Турция	LOC	GPE-Turkey
Украина 	Украина	LOC	GPE-Ukraine
Украине 	Украина	LOC	GPE-Ukraine
Украине	Украина	LOC	GPE-Ukraine
Украину 	Украина	LOC	GPE-Ukraine
Украину	Украина	LOC	GPE-Ukraine
Украины 	Украина	LOC	GPE-Ukraine
Украины	Украина	LOC	GPE-Ukraine
ФРГ	ФРГ	LOC	GPE-Germany
Федерального ведомства по судоходству и гидрографии Германии	Федеральное ведомство по судоходству и гидрографии Германии	ORG	ORG-Federal-Office-for-Shipping-and-Hydrography-Germany
Фейсбуке	Фейсбук	PRO	PRO-Facebook
Хавич 	Хавич	PER	PER-Oleg-Havich
Эстонии	Эстония	LOC	GPE-Estonia
