ru-ryanair-new-extra-123
Nord Stream OPAL	Nord Stream OPAL	PRO	PRO-Nord-Stream-Opal
REGNUM	REGNUM	ORG	ORG-REGNUM-News-Agency
Берлине	Берлин	LOC	GPE-Berlin
Брюсселе	Брюссель	LOC	GPE-Brussles
ЕС	ЕС	ORG	ORG-European-Union
Еврокомиссией	Еврокомиссия	ORG	ORG-European-Commission
Евросоюза	Евросоюз	ORG	ORG-European-Union
ИА REGNUM	ИА REGNUM	ORG	ORG-REGNUM-News-Agency
Киев	Киев	LOC	GPE-Kiev
Киева	Киев	LOC	GPE-Kiev
Климкина	Климкин	PER	PER-Pavel-Klimkin
Павел Климкин	Павел Климкин	PER	PER-Pavel-Klimkin
Россией	Россия	LOC	GPE-Russia
Россия	Россия	LOC	GPE-Russia
Северный поток 2	Северный поток 2	PRO	PRO-Nord-Stream-2
Украина	Украина	LOC	GPE-Ukraine
Украиной	Украина	LOC	GPE-Ukraine
Украину	Украина	LOC	GPE-Ukraine
Украины	Украина	LOC	GPE-Ukraine
