ru-1578
Gazprom Neft Badra B.V.	Gazprom Neft Badra B.V.	ORG	ORG-Gazprom
Gazprom Sakhalin Holdings B.V.	Gazprom Sakhalin Holdings B.V.	ORG	ORG-Gazprom
Арбитражного института Торговой палаты Стокгольма	Арбитражный институт Торговой палаты Стокгольма	ORG	ORG-Stockholm-Chamber-of-Commerce
Великоб ритании	Великобритании	LOC	GPE-Great-Britain
Газпром Финанс Б.В.	Газпром Финанс Б.В.	ORG	ORG-Gazprom
Газпром Холдинг Кооператив У.А.	Газпром Холдинг Кооператив У.А.	ORG	ORG-Gazprom
Газпром ЭП Интернэшнл Б.В.	Газпром ЭП Интернэшнл Б.В.	ORG	ORG-Gazprom
Газпром	Газпром	ORG	ORG-Gazprom
Газпрома	Газпром	ORG	ORG-Gazprom
Газпрома	Газпрома	ORG	ORG-Gazprom
Газпромом	Газпромом	ORG	ORG-Gazprom
Газпрому	Газпром	ORG	ORG-Gazprom
Нафтогаз Украины	Нафтогаз Украины	ORG	ORG-Naftogaz
Нафтогаз	Нафтогаз	ORG	ORG-Naftogaz
Нафтогаза	Нафтогаз	ORG	ORG-Naftogaz
Нафтогазу	Нафтогаз	ORG	ORG-Naftogaz
Нидерландах	Нидерланды	LOC	GPE-Holland
Нидерландов	Нидерланды	LOC	GPE-Holland
США 	США	LOC	GPE-USA
Саус Стрим Транспорт Б.В.	Саус Стрим Транспорт Б.В.	ORG	ORG-South-Stream-Transport-B.V.
Швейцарии 	Швейцария	LOC	GPE-Switzerland
Швейцарии	Швейцария	LOC	GPE-Switzerland
шведского суда	шведский суд	ORG	ORG-Stockholm-Chamber-of-Commerce
