ru-175
A4E	A4E	ORG	ORG-Airlines-for-Europe
AOI	AOI	LOC	LOC-Ancona-Marche
Air France KLM	Air France KLM	ORG	ORG-AFP-Agence-France-Press
Alitalia	Alitalia	ORG	ORG-Alitalia
Ansa	Ansa	ORG	ORG-Ansa
FLR	FLR	LOC	LOC-Florence-Airport
Iag	Iag	ORG	ORG-IAG-International-Airlines-Group
Keep Europe’s Skies Open	Keep Europe’s Skies Open	PRO	PRO-Open-skies
LIN	LIN	LOC	LOC-Linate
Lufthansa	Lufthansa	ORG	ORG-Lufthansa
MXP	MXP	LOC	LOC-Malpensa
PSA	PSA	LOC	LOC-Piza-Airport
Ryanair	Ryanair	ORG	ORG-Ryanair
Skycop	Skycop	ORG	ORG-Skycop
easyJet	easyJet	ORG	ORG-EasyJet
Авиалинии для Европы	Авиалинии для Европы	ORG	ORG-Airlines-for-Europe
Анкона Марке	Анкона Марке	LOC	LOC-Ancona-Marche
Аэрофлот	Аэрофлот	ORG	ORG-Aeroflot
ЕС	ЕС	ORG	ORG-European-Union
Европейская комиссия	Европейская комиссия	ORG	ORG-European-Commission
Европы	Европа	LOC	LOC-Europe
Италии	Италия	LOC	GPE-Italy
Линате	Линате	LOC	LOC-Linate
Мальпенса	Мальпенса	LOC	LOC-Malpensa
Милане	Милан	LOC	GPE-Milan
Пизе	Пиза	LOC	GPE-Piza
Флоренции	Флоренция	LOC	GPE-Florence
Шереметьево	Шереметьево	LOC	LOC-Sheremetievo
