ru-71
British Airways	British Airways	ORG	ORG-British-Airways
IAG	IAG	ORG	ORG-IAG-International-Airlines-Group
Iberia	Iberia	ORG	ORG-Iberia
Ryanair	Ryanair	ORG	ORG-Ryanair
Vueling	Vueling	ORG	ORG-Vueling
Wizz Air	Wizz Air	ORG	ORG-Wizz-Air
easyJet	easyJet	ORG	ORG-EasyJet
Брюссель	Брюссель	LOC	GPE-Brussles
Греции	Греция	LOC	GPE-Greece
ЕС	ЕС	ORG	ORG-European-Union
Европе	Европа	LOC	LOC-Europe
Европейском союзе	Европейский союз	ORG	ORG-European-Union
Европейскую комиссию	Европейская комиссия	ORG	ORG-European-Commission
Италии	Италия	LOC	GPE-Italy
Марселя	Марсель	LOC	GPE-Marseille
Сената Франции	Сенат Франции	ORG	ORG-Senate-France
Средиземного моря	Средиземное море	LOC	LOC-Mediterranean-Sea
Уилли Уэлша	Уилли Уэлш	PER	PER-Willie-Walsh
Филипп Ночевка	Филипп Ночевка	PER	PER-Filipp-Nochevka
Францией	Франция	LOC	GPE-France
Франции	Франция	LOC	GPE-France
Францию	Франция	LOC	GPE-France
Франция	Франция	LOC	GPE-France
Ъ	Ъ	ORG	ORG-Kommersant-News
