ru-111
ECA	ECA	ORG	ORG-ECA-European-Cockpit-Association
LOT	LOT	ORG	ORG-PLL-LOT
Ryanair	Ryanair	ORG	ORG-Ryanair
The Sunday Telegraph	The Sunday Telegraph	PRO	PRO-The-Sunday-Telegraph
Бельгии	Бельгия	LOC	GPE-Belgium
Болгарию	Болгария	LOC	GPE-Bulgaria
Германии	Германия	LOC	GPE-Germany
Дирк Поллочек	Дирк Поллочек	PER	PER-Dirk-Polloczek
Европейской ассоциации пилотов	Европейская ассоциация пилотов	ORG	ORG-ECA-European-Cockpit-Association
Европы	Европа	LOC	LOC-Europe
Ирландии	Ирландия	LOC	GPE-Ireland
Латвию	Латвия	LOC	GPE-Latvia
Литву	Литва	LOC	GPE-Lithuania
Нидерландах	Нидерланды	LOC	GPE-Holland
Поллочика	Поллочик	PER	PER-Dirk-Polloczek
Польская ассоциация пилотов авиакомпаний	Польская ассоциация пилотов авиакомпаний	ORG	ORG-Airline-Pilots'-Union-Poland
Польши	Польша	LOC	GPE-Poland
Польшу	Польша	LOC	GPE-Poland
Румынию	Румыния	LOC	GPE-Romania
Швеции	Швеция	LOC	GPE-Sweden
Эстонию	Эстония	LOC	GPE-Estonia
Яна Рождественская	Яна Рождественская	PER	PER-Yana-Rozhdestventskaya
