ru-ryanair-new-15
Aurigny Air Service	Aurigny Air Service	ORG	ORG-Aurigny-Air-Service
BBC	BBC	PRO	PRO-BBC
Jet2.com	Jet2.com	ORG	ORG-Jet2
Jet2	Jet2	ORG	ORG-Jet2
Ryanair	Ryanair	ORG	ORG-Ryanair
Ryanair	Ryanair	PRO	PRO-Ryanair-Choice
Swiss	Swiss	ORG	ORG-SVP-Swiss-Peoples-Party
Which	Which	ORG	ORG-Which-Company
«Which?»	«Which?»	PRO	PRO-Which?-Magazine
«Слово и Дело»	«Слово и Дело»	PRO	PRO-Slovo-i-Delo
Англии	Англия	LOC	GPE-Great-Britain
Афины	Афины	LOC	GPE-Athens
Британии	Британия	LOC	GPE-Great-Britain
ВВС	BBC	PRO	PRO-BBC
Дублин	Дублин	LOC	GPE-Dublin
Манчестер	Манчестер	LOC	GPE-Manchester
Пафос	Пафос	LOC	GPE-Paphos
Соединенном Королевстве	Соединенное Королевство	LOC	GPE-Great-Britain
Софию	София	LOC	GPE-Sofia
Украины	Украина	LOC	GPE-Ukraine
